TN:
SF:src/app/core/guards/auth.guard.ts
FN:6,(anonymous_0)
FN:16,(anonymous_1)
FN:23,(anonymous_2)
FN:30,(anonymous_3)
FN:41,(anonymous_4)
FN:48,(anonymous_5)
FN:54,(anonymous_6)
FNF:7
FNH:5
FNDA:3,(anonymous_0)
FNDA:2,(anonymous_1)
FNDA:0,(anonymous_2)
FNDA:2,(anonymous_3)
FNDA:0,(anonymous_4)
FNDA:1,(anonymous_5)
FNDA:2,(anonymous_6)
DA:6,1
DA:7,3
DA:8,3
DA:10,3
DA:11,1
DA:15,2
DA:17,2
DA:18,1
DA:20,1
DA:21,1
DA:24,0
DA:25,0
DA:30,1
DA:31,2
DA:32,2
DA:34,2
DA:35,1
DA:36,1
DA:40,1
DA:42,0
DA:43,0
DA:44,0
DA:46,0
DA:49,1
DA:54,1
DA:55,2
DA:56,2
DA:58,2
DA:59,1
DA:62,1
DA:63,1
LF:31
LH:25
BRDA:10,0,0,1
BRDA:17,1,0,1
BRDA:17,2,0,2
BRDA:17,2,1,1
BRDA:34,3,0,1
BRDA:42,4,0,0
BRDA:42,5,0,0
BRDA:42,5,1,0
BRDA:58,6,0,1
BRF:9
BRH:6
end_of_record
TN:
SF:src/app/core/handlers/global-error.handler.ts
FN:6,(anonymous_0)
FN:8,(anonymous_1)
FN:14,(anonymous_2)
FNF:3
FNH:3
FNDA:1,(anonymous_0)
FNDA:1,(anonymous_1)
FNDA:1,(anonymous_2)
DA:5,1
DA:6,1
DA:9,1
DA:11,1
DA:12,1
DA:14,1
DA:15,1
LF:7
LH:7
BRDA:12,0,0,1
BRDA:12,0,1,0
BRF:2
BRH:1
end_of_record
TN:
SF:src/app/core/interceptors/security.interceptor.ts
FN:7,(anonymous_0)
FN:16,(anonymous_1)
FN:38,(anonymous_2)
FN:45,(anonymous_3)
FN:76,(anonymous_4)
FNF:5
FNH:4
FNDA:4,(anonymous_0)
FNDA:0,(anonymous_1)
FNDA:3,(anonymous_2)
FNDA:3,(anonymous_3)
FNDA:2,(anonymous_4)
DA:7,1
DA:11,4
DA:12,4
DA:14,4
DA:15,0
DA:16,0
DA:19,4
DA:21,4
DA:26,4
DA:27,2
DA:30,4
DA:35,4
DA:39,3
DA:40,0
DA:42,3
DA:46,3
DA:48,3
DA:49,1
DA:52,2
DA:53,2
DA:54,1
DA:55,1
DA:56,1
DA:57,0
DA:58,0
DA:62,2
DA:66,2
DA:67,1
DA:68,1
DA:69,0
DA:70,0
DA:71,0
DA:72,0
DA:76,2
LF:34
LH:25
BRDA:14,0,0,0
BRDA:14,1,0,4
BRDA:14,1,1,4
BRDA:26,2,0,2
BRDA:39,3,0,0
BRDA:39,4,0,3
BRDA:39,4,1,3
BRDA:39,4,2,0
BRDA:46,5,0,3
BRDA:46,5,1,3
BRDA:48,6,0,1
BRDA:48,7,0,3
BRDA:48,7,1,1
BRDA:53,8,0,1
BRDA:53,8,1,1
BRDA:53,9,0,2
BRDA:53,9,1,2
BRDA:53,9,2,2
BRDA:55,10,0,1
BRDA:55,10,1,0
BRDA:55,11,0,1
BRDA:55,11,1,1
BRDA:55,11,2,1
BRDA:57,12,0,0
BRDA:62,13,0,2
BRDA:62,13,1,2
BRDA:62,13,2,1
BRDA:66,14,0,1
BRDA:67,15,0,1
BRDA:67,15,1,0
BRDA:69,16,0,0
BRDA:69,16,1,0
BRDA:71,17,0,0
BRDA:71,18,0,0
BRDA:71,18,1,0
BRDA:71,18,2,0
BRF:36
BRH:24
end_of_record
TN:
SF:src/app/core/services/api.service.ts
FN:28,(anonymous_0)
FN:32,(anonymous_1)
FN:35,(anonymous_2)
FN:39,(anonymous_3)
FN:60,(anonymous_4)
FN:62,(anonymous_5)
FN:69,(anonymous_6)
FN:74,(anonymous_7)
FN:79,(anonymous_8)
FN:80,(anonymous_9)
FN:86,(anonymous_10)
FN:88,(anonymous_11)
FN:95,(anonymous_12)
FN:97,(anonymous_13)
FN:104,(anonymous_14)
FN:109,(anonymous_15)
FN:113,(anonymous_16)
FN:117,(anonymous_17)
FN:121,(anonymous_18)
FN:125,(anonymous_19)
FN:129,(anonymous_20)
FN:133,(anonymous_21)
FN:138,(anonymous_22)
FN:142,(anonymous_23)
FN:146,(anonymous_24)
FN:151,(anonymous_25)
FN:155,(anonymous_26)
FNF:27
FNH:14
FNDA:6,(anonymous_0)
FNDA:6,(anonymous_1)
FNDA:1,(anonymous_2)
FNDA:4,(anonymous_3)
FNDA:1,(anonymous_4)
FNDA:1,(anonymous_5)
FNDA:0,(anonymous_6)
FNDA:1,(anonymous_7)
FNDA:1,(anonymous_8)
FNDA:1,(anonymous_9)
FNDA:1,(anonymous_10)
FNDA:1,(anonymous_11)
FNDA:1,(anonymous_12)
FNDA:1,(anonymous_13)
FNDA:1,(anonymous_14)
FNDA:0,(anonymous_15)
FNDA:0,(anonymous_16)
FNDA:0,(anonymous_17)
FNDA:0,(anonymous_18)
FNDA:0,(anonymous_19)
FNDA:0,(anonymous_20)
FNDA:0,(anonymous_21)
FNDA:0,(anonymous_22)
FNDA:0,(anonymous_23)
FNDA:0,(anonymous_24)
FNDA:0,(anonymous_25)
FNDA:0,(anonymous_26)
DA:27,1
DA:29,6
DA:32,6
DA:36,1
DA:40,4
DA:41,4
DA:61,1
DA:63,1
DA:64,1
DA:70,0
DA:75,1
DA:78,1
DA:80,1
DA:81,1
DA:87,1
DA:89,1
DA:90,1
DA:96,1
DA:98,1
DA:99,1
DA:105,1
DA:110,0
DA:114,0
DA:118,0
DA:122,0
DA:126,0
DA:130,0
DA:134,0
DA:139,0
DA:143,0
DA:147,0
DA:152,0
DA:156,0
LF:33
LH:20
BRDA:40,0,0,0
BRDA:50,1,0,4
BRDA:50,1,1,0
BRDA:52,2,0,4
BRDA:52,2,1,0
BRDA:63,3,0,1
BRDA:63,4,0,1
BRDA:63,4,1,1
BRDA:75,5,0,1
BRDA:75,5,1,0
BRDA:80,6,0,1
BRDA:80,7,0,1
BRDA:80,7,1,1
BRDA:89,8,0,1
BRDA:89,9,0,1
BRDA:89,9,1,1
BRDA:98,10,0,1
BRDA:98,11,0,1
BRDA:98,11,1,1
BRF:19
BRH:15
end_of_record
TN:
SF:src/app/core/services/auth.service.ts
FN:12,(anonymous_0)
FN:25,(anonymous_1)
FN:26,(anonymous_2)
FN:27,(anonymous_3)
FN:28,(anonymous_4)
FN:29,(anonymous_5)
FN:30,(anonymous_6)
FN:32,(anonymous_7)
FN:34,(anonymous_8)
FN:40,(anonymous_9)
FN:48,(anonymous_10)
FN:58,(anonymous_11)
FN:65,(anonymous_12)
FN:67,(anonymous_13)
FN:69,(anonymous_14)
FN:82,(anonymous_15)
FN:84,(anonymous_16)
FN:91,(anonymous_17)
FN:98,(anonymous_18)
FN:109,(anonymous_19)
FN:115,(anonymous_20)
FN:116,(anonymous_21)
FN:123,(anonymous_22)
FN:127,(anonymous_23)
FN:133,(anonymous_24)
FNF:25
FNH:20
FNDA:5,(anonymous_0)
FNDA:5,(anonymous_1)
FNDA:4,(anonymous_2)
FNDA:3,(anonymous_3)
FNDA:2,(anonymous_4)
FNDA:2,(anonymous_5)
FNDA:2,(anonymous_6)
FNDA:6,(anonymous_7)
FNDA:1,(anonymous_8)
FNDA:1,(anonymous_9)
FNDA:4,(anonymous_10)
FNDA:3,(anonymous_11)
FNDA:0,(anonymous_12)
FNDA:0,(anonymous_13)
FNDA:3,(anonymous_14)
FNDA:1,(anonymous_15)
FNDA:1,(anonymous_16)
FNDA:0,(anonymous_17)
FNDA:1,(anonymous_18)
FNDA:1,(anonymous_19)
FNDA:1,(anonymous_20)
FNDA:0,(anonymous_21)
FNDA:0,(anonymous_22)
FNDA:3,(anonymous_23)
FNDA:2,(anonymous_24)
DA:11,1
DA:13,5
DA:15,6
DA:18,6
DA:19,6
DA:20,6
DA:23,6
DA:25,6
DA:26,6
DA:27,6
DA:28,6
DA:29,6
DA:30,6
DA:32,6
DA:35,1
DA:41,1
DA:42,1
DA:49,4
DA:50,1
DA:53,3
DA:59,3
DA:60,2
DA:62,1
DA:66,0
DA:67,0
DA:70,3
DA:75,3
DA:83,1
DA:85,1
DA:86,1
DA:88,0
DA:89,0
DA:92,0
DA:93,0
DA:99,1
DA:110,1
DA:115,1
DA:117,0
DA:118,0
DA:124,0
DA:128,3
DA:129,3
DA:130,3
DA:134,2
DA:135,2
DA:136,2
DA:137,2
DA:138,1
LF:48
LH:39
BRDA:27,0,0,3
BRDA:27,0,1,1
BRDA:30,1,0,2
BRDA:30,1,1,2
BRDA:41,2,0,1
BRDA:41,3,0,1
BRDA:41,3,1,1
BRDA:41,3,2,1
BRDA:49,4,0,1
BRDA:59,5,0,2
BRDA:59,5,1,1
BRDA:59,6,0,3
BRDA:59,6,1,2
BRDA:59,6,2,2
BRDA:85,7,0,1
BRDA:85,8,0,1
BRDA:85,8,1,1
BRDA:133,9,0,0
BRDA:137,10,0,1
BRF:19
BRH:18
end_of_record
TN:
SF:src/app/core/services/quick-sale.service.ts
FN:11,(anonymous_0)
FN:15,(anonymous_1)
FN:19,(anonymous_2)
FNF:3
FNH:3
FNDA:1,(anonymous_0)
FNDA:1,(anonymous_1)
FNDA:1,(anonymous_2)
DA:7,1
DA:8,3
DA:9,3
DA:12,1
DA:16,1
DA:20,1
LF:6
LH:6
BRF:0
BRH:0
end_of_record
TN:
SF:src/app/core/services/toast.service.ts
FN:19,(anonymous_0)
FN:23,(anonymous_1)
FN:26,(anonymous_2)
FN:32,(anonymous_3)
FN:36,(anonymous_4)
FN:40,(anonymous_5)
FN:44,(anonymous_6)
FN:48,(anonymous_7)
FN:49,(anonymous_8)
FN:49,(anonymous_9)
FNF:10
FNH:9
FNDA:5,(anonymous_0)
FNDA:5,(anonymous_1)
FNDA:1,(anonymous_2)
FNDA:2,(anonymous_3)
FNDA:1,(anonymous_4)
FNDA:0,(anonymous_5)
FNDA:2,(anonymous_6)
FNDA:2,(anonymous_7)
FNDA:2,(anonymous_8)
FNDA:3,(anonymous_9)
DA:16,1
DA:17,4
DA:20,5
DA:21,5
DA:23,5
DA:25,5
DA:26,5
DA:27,1
DA:33,2
DA:37,1
DA:41,0
DA:45,2
DA:49,3
LF:13
LH:12
BRDA:19,0,0,0
BRDA:25,1,0,5
BRDA:32,2,0,0
BRDA:32,3,0,1
BRDA:36,4,0,0
BRDA:36,5,0,1
BRDA:40,6,0,0
BRDA:40,7,0,0
BRDA:44,8,0,0
BRDA:44,9,0,2
BRF:10
BRH:4
end_of_record
TN:
SF:src/app/core/utils/env.utils.ts
FN:3,trimTrailingSlashes
FN:11,getApiUrl
FNF:2
FNH:2
FNDA:13,trimTrailingSlashes
FNDA:13,getApiUrl
DA:4,13
DA:5,13
DA:6,3
DA:8,13
DA:12,13
DA:13,13
DA:14,13
DA:15,1
DA:17,12
LF:9
LH:9
BRDA:5,0,0,16
BRDA:5,0,1,16
BRDA:12,1,0,13
BRDA:12,1,1,0
BRDA:14,2,0,1
BRDA:14,3,0,13
BRDA:14,3,1,1
BRDA:17,4,0,12
BRDA:17,4,1,0
BRF:9
BRH:7
end_of_record
TN:
SF:src/app/features/admin/user-management/user-management.component.ts
FN:40,(anonymous_0)
FN:45,(anonymous_1)
FN:50,(anonymous_2)
FN:56,(anonymous_3)
FN:63,(anonymous_4)
FN:67,(anonymous_5)
FN:75,(anonymous_6)
FN:81,(anonymous_7)
FN:88,(anonymous_8)
FN:93,(anonymous_9)
FN:100,(anonymous_10)
FN:107,(anonymous_11)
FN:112,(anonymous_12)
FN:119,(anonymous_13)
FN:126,(anonymous_14)
FN:131,(anonymous_15)
FN:138,(anonymous_16)
FN:145,(anonymous_17)
FN:152,(anonymous_18)
FN:159,(anonymous_19)
FN:166,(anonymous_20)
FN:173,(anonymous_21)
FN:180,(anonymous_22)
FN:187,(anonymous_23)
FN:192,(anonymous_24)
FN:199,(anonymous_25)
FN:206,(anonymous_26)
FN:211,(anonymous_27)
FN:218,(anonymous_28)
FN:225,(anonymous_29)
FNF:30
FNH:12
FNDA:4,(anonymous_0)
FNDA:5,(anonymous_1)
FNDA:5,(anonymous_2)
FNDA:0,(anonymous_3)
FNDA:4,(anonymous_4)
FNDA:4,(anonymous_5)
FNDA:4,(anonymous_6)
FNDA:0,(anonymous_7)
FNDA:1,(anonymous_8)
FNDA:0,(anonymous_9)
FNDA:0,(anonymous_10)
FNDA:0,(anonymous_11)
FNDA:0,(anonymous_12)
FNDA:0,(anonymous_13)
FNDA:0,(anonymous_14)
FNDA:0,(anonymous_15)
FNDA:0,(anonymous_16)
FNDA:0,(anonymous_17)
FNDA:0,(anonymous_18)
FNDA:0,(anonymous_19)
FNDA:0,(anonymous_20)
FNDA:0,(anonymous_21)
FNDA:0,(anonymous_22)
FNDA:1,(anonymous_23)
FNDA:0,(anonymous_24)
FNDA:1,(anonymous_25)
FNDA:1,(anonymous_26)
FNDA:1,(anonymous_27)
FNDA:0,(anonymous_28)
FNDA:2,(anonymous_29)
DA:15,1
DA:16,4
DA:17,4
DA:19,4
DA:20,4
DA:21,4
DA:23,4
DA:24,4
DA:26,4
DA:27,4
DA:28,4
DA:29,4
DA:30,4
DA:31,4
DA:33,4
DA:34,4
DA:35,4
DA:37,4
DA:38,4
DA:41,4
DA:42,4
DA:46,5
DA:47,5
DA:49,5
DA:51,5
DA:52,5
DA:53,5
DA:57,0
DA:58,0
DA:64,4
DA:66,4
DA:68,4
DA:69,4
DA:70,4
DA:71,4
DA:72,4
DA:73,4
DA:75,4
DA:76,4
DA:77,4
DA:82,0
DA:83,0
DA:89,1
DA:90,0
DA:92,0
DA:94,0
DA:95,0
DA:96,0
DA:97,0
DA:101,0
DA:102,0
DA:108,0
DA:109,0
DA:111,0
DA:113,0
DA:114,0
DA:115,0
DA:116,0
DA:120,0
DA:121,0
DA:127,0
DA:128,0
DA:130,0
DA:132,0
DA:133,0
DA:134,0
DA:135,0
DA:139,0
DA:140,0
DA:146,0
DA:147,0
DA:149,0
DA:151,0
DA:153,0
DA:154,0
DA:155,0
DA:156,0
DA:160,0
DA:161,0
DA:167,0
DA:168,0
DA:170,0
DA:172,0
DA:174,0
DA:175,0
DA:176,0
DA:177,0
DA:181,0
DA:182,0
DA:188,1
DA:189,1
DA:191,1
DA:193,0
DA:194,0
DA:195,0
DA:196,0
DA:200,1
DA:201,1
DA:207,1
DA:208,1
DA:210,1
DA:212,1
DA:213,1
DA:214,1
DA:215,1
DA:219,0
DA:220,0
DA:226,2
DA:227,2
LF:109
LH:53
BRDA:52,0,0,5
BRDA:52,1,0,5
BRDA:52,1,1,5
BRDA:58,2,0,0
BRDA:58,2,1,0
BRDA:69,3,0,4
BRDA:69,4,0,4
BRDA:69,4,1,4
BRDA:72,5,0,4
BRDA:72,5,1,0
BRDA:73,6,0,4
BRDA:73,6,1,0
BRDA:77,7,0,4
BRDA:77,7,1,0
BRDA:83,8,0,0
BRDA:83,8,1,0
BRDA:89,9,0,1
BRDA:95,10,0,0
BRDA:102,11,0,0
BRDA:102,11,1,0
BRDA:108,12,0,0
BRDA:114,13,0,0
BRDA:121,14,0,0
BRDA:121,14,1,0
BRDA:127,15,0,0
BRDA:133,16,0,0
BRDA:140,17,0,0
BRDA:140,17,1,0
BRDA:147,18,0,0
BRDA:147,19,0,0
BRDA:147,19,1,0
BRDA:154,20,0,0
BRDA:161,21,0,0
BRDA:161,21,1,0
BRDA:168,22,0,0
BRDA:168,23,0,0
BRDA:168,23,1,0
BRDA:175,24,0,0
BRDA:182,25,0,0
BRDA:182,25,1,0
BRDA:194,26,0,0
BRDA:201,27,0,1
BRDA:201,27,1,0
BRDA:213,28,0,1
BRDA:220,29,0,0
BRDA:220,29,1,0
BRF:46
BRH:12
end_of_record
TN:
SF:src/app/features/auth/login/login.component.ts
FN:25,(anonymous_0)
FN:35,(anonymous_1)
FN:51,(anonymous_2)
FN:56,(anonymous_3)
FN:81,(anonymous_4)
FN:85,(anonymous_5)
FN:88,(anonymous_6)
FNF:7
FNH:3
FNDA:3,(anonymous_0)
FNDA:2,(anonymous_1)
FNDA:1,(anonymous_2)
FNDA:0,(anonymous_3)
FNDA:0,(anonymous_4)
FNDA:0,(anonymous_5)
FNDA:0,(anonymous_6)
DA:14,1
DA:15,4
DA:16,4
DA:17,4
DA:18,4
DA:20,4
DA:21,4
DA:22,4
DA:23,4
DA:26,3
DA:27,3
DA:28,3
DA:29,3
DA:30,3
DA:32,3
DA:33,3
DA:34,2
DA:36,2
DA:37,2
DA:38,2
DA:39,2
DA:40,2
DA:41,1
DA:42,1
DA:43,1
DA:44,1
DA:47,1
DA:50,1
DA:51,1
DA:53,0
DA:57,0
DA:58,0
DA:59,0
DA:60,0
DA:61,0
DA:62,0
DA:64,0
DA:68,1
DA:69,1
DA:70,1
DA:71,1
DA:72,1
DA:73,0
DA:74,0
DA:76,0
DA:82,0
DA:86,0
DA:87,0
DA:89,0
DA:90,0
LF:50
LH:34
BRDA:26,0,0,0
BRDA:38,1,0,2
BRDA:38,1,1,0
BRDA:39,2,0,2
BRDA:39,2,1,2
BRDA:40,3,0,1
BRDA:41,4,0,1
BRDA:41,4,1,0
BRDA:42,5,0,1
BRDA:42,5,1,0
BRDA:47,6,0,0
BRDA:47,6,1,1
BRDA:50,7,0,1
BRDA:50,7,1,0
BRDA:53,8,0,0
BRDA:53,8,1,0
BRDA:59,9,0,0
BRDA:59,9,1,0
BRDA:59,9,2,0
BRDA:60,10,0,0
BRDA:64,11,0,0
BRDA:64,11,1,0
BRDA:70,12,0,1
BRDA:70,12,1,0
BRDA:71,13,0,1
BRDA:71,13,1,0
BRDA:71,14,0,1
BRDA:71,14,1,0
BRDA:73,15,0,0
BRDA:73,15,1,0
BRDA:76,16,0,0
BRDA:76,16,1,0
BRF:32
BRH:11
end_of_record
TN:
SF:src/app/features/dashboard/dashboard.component.ts
FN:33,(anonymous_0)
FN:39,(anonymous_1)
FN:42,(anonymous_2)
FN:88,(anonymous_3)
FN:95,(anonymous_4)
FN:98,(anonymous_5)
FN:102,(anonymous_6)
FN:128,(anonymous_7)
FN:144,(anonymous_8)
FN:154,(anonymous_9)
FN:164,(anonymous_10)
FN:176,(anonymous_11)
FN:216,(anonymous_12)
FN:219,(anonymous_13)
FN:224,(anonymous_14)
FN:226,(anonymous_15)
FN:240,(anonymous_16)
FN:249,(anonymous_17)
FN:257,(anonymous_18)
FN:263,(anonymous_19)
FN:271,(anonymous_20)
FN:277,(anonymous_21)
FN:285,(anonymous_22)
FN:292,(anonymous_23)
FN:301,(anonymous_24)
FN:303,(anonymous_25)
FN:307,(anonymous_26)
FN:313,(anonymous_27)
FN:338,(anonymous_28)
FN:345,(anonymous_29)
FN:349,(anonymous_30)
FN:371,(anonymous_31)
FN:388,(anonymous_32)
FN:392,(anonymous_33)
FN:403,(anonymous_34)
FN:437,(anonymous_35)
FN:447,(anonymous_36)
FN:457,(anonymous_37)
FN:463,(anonymous_38)
FN:468,(anonymous_39)
FN:471,(anonymous_40)
FN:473,(anonymous_41)
FN:477,(anonymous_42)
FN:482,(anonymous_43)
FN:484,(anonymous_44)
FN:488,(anonymous_45)
FN:493,(anonymous_46)
FNF:47
FNH:20
FNDA:4,(anonymous_0)
FNDA:2,(anonymous_1)
FNDA:3,(anonymous_2)
FNDA:9,(anonymous_3)
FNDA:3,(anonymous_4)
FNDA:3,(anonymous_5)
FNDA:3,(anonymous_6)
FNDA:6,(anonymous_7)
FNDA:6,(anonymous_8)
FNDA:6,(anonymous_9)
FNDA:6,(anonymous_10)
FNDA:3,(anonymous_11)
FNDA:3,(anonymous_12)
FNDA:0,(anonymous_13)
FNDA:3,(anonymous_14)
FNDA:3,(anonymous_15)
FNDA:3,(anonymous_16)
FNDA:3,(anonymous_17)
FNDA:3,(anonymous_18)
FNDA:0,(anonymous_19)
FNDA:0,(anonymous_20)
FNDA:0,(anonymous_21)
FNDA:0,(anonymous_22)
FNDA:0,(anonymous_23)
FNDA:0,(anonymous_24)
FNDA:0,(anonymous_25)
FNDA:0,(anonymous_26)
FNDA:0,(anonymous_27)
FNDA:0,(anonymous_28)
FNDA:0,(anonymous_29)
FNDA:0,(anonymous_30)
FNDA:0,(anonymous_31)
FNDA:0,(anonymous_32)
FNDA:0,(anonymous_33)
FNDA:0,(anonymous_34)
FNDA:0,(anonymous_35)
FNDA:0,(anonymous_36)
FNDA:0,(anonymous_37)
FNDA:0,(anonymous_38)
FNDA:0,(anonymous_39)
FNDA:0,(anonymous_40)
FNDA:0,(anonymous_41)
FNDA:0,(anonymous_42)
FNDA:0,(anonymous_43)
FNDA:0,(anonymous_44)
FNDA:12,(anonymous_45)
FNDA:12,(anonymous_46)
DA:17,1
DA:18,3
DA:19,3
DA:20,3
DA:22,3
DA:23,3
DA:26,3
DA:27,3
DA:30,3
DA:33,3
DA:34,4
DA:35,4
DA:36,4
DA:37,3
DA:39,2
DA:42,3
DA:43,3
DA:44,3
DA:45,3
DA:47,3
DA:48,3
DA:60,3
DA:61,6
DA:63,6
DA:64,6
DA:65,6
DA:75,6
DA:78,6
DA:79,6
DA:80,6
DA:81,3
DA:82,3
DA:83,3
DA:87,3
DA:88,3
DA:89,9
DA:90,6
DA:91,6
DA:95,3
DA:98,3
DA:99,3
DA:103,3
DA:121,3
DA:122,6
DA:125,3
DA:129,6
DA:130,6
DA:131,0
DA:132,0
DA:133,0
DA:136,6
DA:137,6
DA:139,6
DA:140,6
DA:141,6
DA:145,6
DA:146,3
DA:147,3
DA:148,3
DA:149,3
DA:150,3
DA:155,6
DA:156,3
DA:157,3
DA:158,3
DA:159,3
DA:160,3
DA:165,6
DA:166,0
DA:167,0
DA:168,6
DA:169,3
DA:170,3
DA:171,3
DA:172,0
DA:177,3
DA:178,3
DA:179,3
DA:180,3
DA:181,3
DA:182,3
DA:183,3
DA:185,3
DA:211,3
DA:212,3
DA:213,3
DA:214,3
DA:217,3
DA:218,3
DA:219,3
DA:220,0
DA:225,3
DA:227,3
DA:228,3
DA:229,0
DA:230,0
DA:231,0
DA:232,0
DA:241,3
DA:242,3
DA:244,3
DA:246,3
DA:248,3
DA:250,3
DA:251,3
DA:256,3
DA:258,3
DA:259,3
DA:260,3
DA:264,0
DA:265,0
DA:270,0
DA:272,0
DA:273,0
DA:274,0
DA:278,0
DA:279,0
DA:286,0
DA:287,0
DA:290,3
DA:293,0
DA:294,0
DA:295,0
DA:297,0
DA:298,0
DA:300,0
DA:302,0
DA:304,0
DA:305,0
DA:308,0
DA:309,0
DA:314,0
DA:315,0
DA:321,3
DA:322,3
DA:323,3
DA:324,3
DA:325,3
DA:326,3
DA:327,3
DA:328,3
DA:329,3
DA:330,3
DA:331,3
DA:332,3
DA:333,3
DA:334,3
DA:335,3
DA:336,3
DA:339,0
DA:340,0
DA:342,0
DA:345,3
DA:346,0
DA:350,0
DA:351,0
DA:352,0
DA:354,0
DA:355,0
DA:356,0
DA:357,0
DA:358,0
DA:359,0
DA:360,0
DA:361,0
DA:362,0
DA:363,0
DA:364,0
DA:365,0
DA:366,0
DA:368,0
DA:369,0
DA:370,0
DA:372,0
DA:373,0
DA:374,0
DA:375,0
DA:376,0
DA:378,0
DA:379,0
DA:380,0
DA:381,0
DA:389,0
DA:393,0
DA:394,0
DA:395,0
DA:396,0
DA:399,0
DA:400,0
DA:404,0
DA:405,0
DA:407,0
DA:411,0
DA:412,0
DA:413,0
DA:414,0
DA:415,0
DA:416,0
DA:418,0
DA:419,0
DA:422,0
DA:423,0
DA:424,0
DA:426,0
DA:436,0
DA:438,0
DA:439,0
DA:440,0
DA:441,0
DA:442,0
DA:444,0
DA:448,0
DA:449,0
DA:454,3
DA:455,3
DA:458,0
DA:459,0
DA:460,0
DA:464,0
DA:465,0
DA:469,0
DA:470,0
DA:471,0
DA:472,0
DA:473,0
DA:478,0
DA:479,0
DA:481,0
DA:482,0
DA:483,0
DA:484,0
DA:489,12
DA:490,12
DA:494,12
DA:495,12
LF:235
LH:122
BRDA:36,0,0,3
BRDA:36,1,0,4
BRDA:36,1,1,4
BRDA:61,2,0,0
BRDA:64,3,0,6
BRDA:67,4,0,6
BRDA:67,4,1,0
BRDA:79,5,0,6
BRDA:79,5,1,0
BRDA:80,6,0,3
BRDA:80,6,1,3
BRDA:82,7,0,3
BRDA:89,8,0,6
BRDA:95,9,0,3
BRDA:95,9,1,0
BRDA:129,10,0,6
BRDA:129,10,1,0
BRDA:130,11,0,0
BRDA:145,12,0,3
BRDA:145,12,1,3
BRDA:148,13,0,3
BRDA:155,14,0,3
BRDA:155,14,1,3
BRDA:158,15,0,3
BRDA:165,16,0,0
BRDA:165,16,1,6
BRDA:167,17,0,0
BRDA:168,18,0,3
BRDA:168,18,1,3
BRDA:171,19,0,0
BRDA:171,20,0,3
BRDA:171,20,1,3
BRDA:179,21,0,3
BRDA:179,21,1,0
BRDA:180,22,0,3
BRDA:180,22,1,0
BRDA:181,23,0,3
BRDA:181,23,1,0
BRDA:182,24,0,3
BRDA:182,24,1,0
BRDA:183,25,0,3
BRDA:183,25,1,0
BRDA:227,26,0,3
BRDA:227,27,0,3
BRDA:227,27,1,3
BRDA:229,28,0,0
BRDA:229,28,1,0
BRDA:231,29,0,0
BRDA:246,30,0,3
BRDA:246,30,1,0
BRDA:250,31,0,3
BRDA:250,32,0,3
BRDA:250,32,1,3
BRDA:259,33,0,3
BRDA:259,34,0,3
BRDA:259,34,1,3
BRDA:265,35,0,0
BRDA:265,35,1,0
BRDA:273,36,0,0
BRDA:273,37,0,0
BRDA:273,37,1,0
BRDA:279,38,0,0
BRDA:279,38,1,0
BRDA:309,39,0,0
BRDA:309,39,1,0
BRDA:315,40,0,0
BRDA:315,40,1,0
BRDA:339,41,0,0
BRDA:346,42,0,0
BRDA:346,42,1,0
BRDA:350,43,0,0
BRDA:369,44,0,0
BRDA:372,45,0,0
BRDA:372,46,0,0
BRDA:372,46,1,0
BRDA:373,47,0,0
BRDA:373,47,1,0
BRDA:374,48,0,0
BRDA:374,48,1,0
BRDA:378,49,0,0
BRDA:378,49,1,0
BRDA:379,50,0,0
BRDA:379,50,1,0
BRDA:393,51,0,0
BRDA:394,52,0,0
BRDA:394,53,0,0
BRDA:394,53,1,0
BRDA:394,53,2,0
BRDA:411,54,0,0
BRDA:411,54,1,0
BRDA:414,55,0,0
BRDA:414,55,1,0
BRDA:424,56,0,0
BRDA:424,56,1,0
BRDA:433,57,0,0
BRDA:433,57,1,0
BRDA:439,58,0,0
BRDA:439,58,1,0
BRDA:439,59,0,0
BRDA:439,59,1,0
BRDA:444,60,0,0
BRDA:444,60,1,0
BRDA:449,61,0,0
BRDA:449,61,1,0
BRDA:469,62,0,0
BRDA:479,63,0,0
BRDA:489,64,0,0
BRDA:494,65,0,0
BRF:108
BRH:38
end_of_record
TN:
SF:src/app/features/tickets/ticket-list/ticket-list.component.ts
FN:43,(anonymous_0)
FN:51,(anonymous_1)
FN:91,(anonymous_2)
FN:92,(anonymous_3)
FN:94,(anonymous_4)
FN:95,(anonymous_5)
FN:98,(anonymous_6)
FN:102,(anonymous_7)
FN:109,(anonymous_8)
FN:119,(anonymous_9)
FN:125,(anonymous_10)
FN:132,(anonymous_11)
FN:141,(anonymous_12)
FN:147,(anonymous_13)
FN:153,(anonymous_14)
FN:160,(anonymous_15)
FN:165,(anonymous_16)
FN:176,(anonymous_17)
FN:193,(anonymous_18)
FN:200,(anonymous_19)
FN:203,(anonymous_20)
FN:205,(anonymous_21)
FN:209,(anonymous_22)
FN:214,(anonymous_23)
FNF:24
FNH:18
FNDA:8,(anonymous_0)
FNDA:16,(anonymous_1)
FNDA:4,(anonymous_2)
FNDA:4,(anonymous_3)
FNDA:8,(anonymous_4)
FNDA:8,(anonymous_5)
FNDA:4,(anonymous_6)
FNDA:5,(anonymous_7)
FNDA:5,(anonymous_8)
FNDA:5,(anonymous_9)
FNDA:0,(anonymous_10)
FNDA:1,(anonymous_11)
FNDA:0,(anonymous_12)
FNDA:1,(anonymous_13)
FNDA:1,(anonymous_14)
FNDA:1,(anonymous_15)
FNDA:1,(anonymous_16)
FNDA:1,(anonymous_17)
FNDA:0,(anonymous_18)
FNDA:0,(anonymous_19)
FNDA:0,(anonymous_20)
FNDA:0,(anonymous_21)
FNDA:32,(anonymous_22)
FNDA:32,(anonymous_23)
DA:15,1
DA:16,4
DA:17,4
DA:19,4
DA:20,4
DA:21,4
DA:24,4
DA:25,4
DA:28,4
DA:29,4
DA:30,4
DA:31,4
DA:32,4
DA:35,4
DA:36,4
DA:37,4
DA:38,4
DA:39,4
DA:40,4
DA:43,4
DA:44,8
DA:45,8
DA:46,8
DA:47,8
DA:48,8
DA:49,8
DA:51,8
DA:53,16
DA:54,1
DA:57,15
DA:58,2
DA:61,13
DA:62,0
DA:65,13
DA:66,0
DA:69,13
DA:70,4
DA:71,4
DA:72,4
DA:73,4
DA:74,4
DA:77,4
DA:83,4
DA:86,11
DA:91,4
DA:92,4
DA:93,4
DA:94,8
DA:95,8
DA:99,4
DA:103,5
DA:104,5
DA:107,5
DA:108,5
DA:110,5
DA:111,5
DA:118,5
DA:120,5
DA:121,5
DA:122,5
DA:126,0
DA:127,0
DA:133,1
DA:134,1
DA:135,1
DA:136,1
DA:137,1
DA:142,0
DA:143,0
DA:144,0
DA:148,1
DA:149,1
DA:154,1
DA:155,1
DA:156,1
DA:157,1
DA:161,1
DA:162,1
DA:166,1
DA:167,1
DA:169,1
DA:170,1
DA:171,1
DA:173,1
DA:175,1
DA:177,1
DA:178,1
DA:179,1
DA:180,1
DA:181,1
DA:182,1
DA:185,1
DA:186,1
DA:187,1
DA:188,1
DA:190,0
DA:194,0
DA:195,0
DA:201,0
DA:202,0
DA:203,0
DA:204,0
DA:205,0
DA:210,32
DA:211,32
DA:215,32
DA:216,32
LF:107
LH:92
BRDA:53,0,0,1
BRDA:53,1,0,16
BRDA:53,1,1,2
BRDA:57,2,0,2
BRDA:57,3,0,15
BRDA:57,3,1,3
BRDA:61,4,0,0
BRDA:61,5,0,13
BRDA:61,5,1,0
BRDA:65,6,0,0
BRDA:65,7,0,13
BRDA:65,7,1,0
BRDA:69,8,0,4
BRDA:70,9,0,4
BRDA:70,9,1,0
BRDA:71,10,0,4
BRDA:71,10,1,0
BRDA:71,10,2,0
BRDA:72,11,0,4
BRDA:72,11,1,0
BRDA:73,12,0,4
BRDA:73,12,1,0
BRDA:74,13,0,4
BRDA:74,13,1,0
BRDA:77,14,0,4
BRDA:77,14,1,3
BRDA:77,14,2,3
BRDA:77,14,3,2
BRDA:77,14,4,2
BRDA:83,15,0,2
BRDA:95,16,0,8
BRDA:95,16,1,0
BRDA:107,17,0,5
BRDA:110,18,0,5
BRDA:110,19,0,5
BRDA:110,19,1,5
BRDA:121,20,0,5
BRDA:121,21,0,5
BRDA:121,21,1,5
BRDA:127,22,0,0
BRDA:127,22,1,0
BRDA:154,23,0,0
BRDA:167,24,0,0
BRDA:173,25,0,1
BRDA:173,25,1,0
BRDA:178,26,0,1
BRDA:178,26,1,0
BRDA:180,27,0,1
BRDA:180,28,0,1
BRDA:180,28,1,1
BRDA:181,29,0,1
BRDA:181,29,1,0
BRDA:185,30,0,1
BRDA:185,30,1,0
BRDA:190,31,0,0
BRDA:190,31,1,0
BRDA:195,32,0,0
BRDA:195,32,1,0
BRDA:201,33,0,0
BRDA:210,34,0,0
BRDA:215,35,0,0
BRF:61
BRH:35
end_of_record
TN:
SF:src/app/shared/components/quick-sale-drawer/quick-sale-drawer.component.ts
FN:43,(anonymous_0)
FN:50,(anonymous_1)
FN:56,(anonymous_2)
FN:60,(anonymous_3)
FN:77,(anonymous_4)
FN:81,(anonymous_5)
FN:85,(anonymous_6)
FN:89,(anonymous_7)
FN:94,(anonymous_8)
FN:116,(anonymous_9)
FN:127,(anonymous_10)
FN:135,(anonymous_11)
FN:141,(anonymous_12)
FN:166,(anonymous_13)
FN:170,(anonymous_14)
FN:172,(anonymous_15)
FN:180,(anonymous_16)
FN:204,(anonymous_17)
FNF:18
FNH:8
FNDA:2,(anonymous_0)
FNDA:1,(anonymous_1)
FNDA:2,(anonymous_2)
FNDA:2,(anonymous_3)
FNDA:0,(anonymous_4)
FNDA:0,(anonymous_5)
FNDA:0,(anonymous_6)
FNDA:0,(anonymous_7)
FNDA:2,(anonymous_8)
FNDA:1,(anonymous_9)
FNDA:0,(anonymous_10)
FNDA:1,(anonymous_11)
FNDA:1,(anonymous_12)
FNDA:0,(anonymous_13)
FNDA:0,(anonymous_14)
FNDA:0,(anonymous_15)
FNDA:0,(anonymous_16)
FNDA:0,(anonymous_17)
DA:16,1
DA:17,4
DA:18,4
DA:19,4
DA:21,4
DA:22,4
DA:23,4
DA:25,4
DA:26,4
DA:28,4
DA:29,4
DA:30,4
DA:31,4
DA:32,4
DA:33,4
DA:34,4
DA:35,4
DA:36,4
DA:38,4
DA:39,4
DA:40,4
DA:41,4
DA:44,2
DA:45,0
DA:47,2
DA:51,1
DA:52,1
DA:57,2
DA:58,2
DA:59,2
DA:61,2
DA:62,2
DA:63,2
DA:64,2
DA:65,2
DA:67,2
DA:68,2
DA:69,2
DA:70,2
DA:78,0
DA:82,0
DA:86,0
DA:90,0
DA:91,0
DA:95,2
DA:96,1
DA:97,1
DA:100,1
DA:101,1
DA:102,1
DA:104,1
DA:105,1
DA:115,1
DA:117,1
DA:118,1
DA:119,1
DA:120,1
DA:121,1
DA:122,1
DA:124,0
DA:128,0
DA:129,0
DA:130,0
DA:136,1
DA:137,1
DA:138,1
DA:142,1
DA:143,1
DA:144,1
DA:145,1
DA:149,1
DA:150,1
DA:151,1
DA:153,1
DA:154,1
DA:155,1
DA:156,1
DA:157,1
DA:159,0
DA:163,1
DA:167,0
DA:168,0
DA:169,0
DA:170,0
DA:171,0
DA:173,0
DA:176,0
DA:181,0
DA:182,0
DA:183,0
DA:184,0
DA:185,0
DA:186,0
DA:187,0
DA:188,0
DA:189,0
DA:192,0
DA:193,0
DA:194,0
DA:196,0
DA:199,0
DA:201,0
DA:205,0
DA:206,0
DA:207,0
DA:208,0
DA:209,0
DA:210,0
DA:211,0
DA:212,0
DA:213,0
LF:111
LH:69
BRDA:44,0,0,0
BRDA:45,1,0,0
BRDA:45,1,1,0
BRDA:51,2,0,1
BRDA:58,3,0,2
BRDA:61,4,0,2
BRDA:61,5,0,2
BRDA:61,5,1,2
BRDA:62,6,0,2
BRDA:62,6,1,0
BRDA:62,6,2,0
BRDA:63,7,0,2
BRDA:63,7,1,0
BRDA:63,7,2,0
BRDA:67,8,0,2
BRDA:67,8,1,0
BRDA:68,9,0,2
BRDA:68,9,1,0
BRDA:95,10,0,1
BRDA:95,11,0,2
BRDA:95,11,1,1
BRDA:95,11,2,1
BRDA:102,12,0,1
BRDA:102,12,1,0
BRDA:108,13,0,1
BRDA:108,13,1,0
BRDA:112,14,0,0
BRDA:112,14,1,1
BRDA:118,15,0,1
BRDA:118,15,1,0
BRDA:118,16,0,1
BRDA:118,16,1,1
BRDA:124,17,0,0
BRDA:124,17,1,0
BRDA:129,18,0,0
BRDA:129,18,1,0
BRDA:129,18,2,0
BRDA:136,19,0,0
BRDA:142,20,0,0
BRDA:144,21,0,1
BRDA:144,21,1,0
BRDA:150,22,0,1
BRDA:150,22,1,0
BRDA:153,23,0,1
BRDA:154,24,0,0
BRDA:155,25,0,0
BRDA:156,26,0,1
BRDA:156,26,1,0
BRDA:168,27,0,0
BRDA:169,28,0,0
BRDA:169,28,1,0
BRDA:169,29,0,0
BRDA:169,29,1,0
BRDA:181,30,0,0
BRDA:193,31,0,0
BRDA:193,31,1,0
BRF:56
BRH:23
end_of_record
