mode: set
backend/internal/security/jwt.go:24.28,26.18 2 1
backend/internal/security/jwt.go:26.18,27.67 1 0
backend/internal/security/jwt.go:29.2,29.23 1 1
backend/internal/security/jwt.go:32.45,34.69 2 1
backend/internal/security/jwt.go:34.69,36.3 1 1
backend/internal/security/jwt.go:37.2,37.25 1 1
backend/internal/security/jwt.go:41.68,61.16 6 1
backend/internal/security/jwt.go:61.16,63.3 1 0
backend/internal/security/jwt.go:65.2,65.52 1 1
backend/internal/security/jwt.go:69.63,70.104 1 1
backend/internal/security/jwt.go:70.104,71.58 1 1
backend/internal/security/jwt.go:71.58,73.4 1 0
backend/internal/security/jwt.go:74.3,74.29 1 1
backend/internal/security/jwt.go:77.2,77.48 1 1
backend/internal/security/jwt.go:77.48,79.3 1 1
backend/internal/security/jwt.go:81.2,82.9 2 1
backend/internal/security/jwt.go:82.9,84.3 1 0
backend/internal/security/jwt.go:86.2,86.20 1 1
backend/internal/security/jwt.go:90.45,93.16 3 1
backend/internal/security/jwt.go:93.16,95.3 1 0
backend/internal/security/jwt.go:96.2,96.35 1 1
backend/internal/security/jwt.go:100.40,103.2 2 1
backend/internal/middlewares/auth.go:28.67,31.2 2 1
backend/internal/middlewares/auth.go:34.123,35.46 1 1
backend/internal/middlewares/auth.go:35.46,36.72 1 1
backend/internal/middlewares/auth.go:36.72,38.4 1 1
backend/internal/middlewares/auth.go:42.147,44.20 2 1
backend/internal/middlewares/auth.go:44.20,47.3 2 1
backend/internal/middlewares/auth.go:48.2,48.59 1 1
backend/internal/middlewares/auth.go:51.141,53.14 2 1
backend/internal/middlewares/auth.go:53.14,56.3 2 1
backend/internal/middlewares/auth.go:57.2,57.17 1 1
backend/internal/middlewares/auth.go:57.17,59.3 1 1
backend/internal/middlewares/auth.go:62.165,64.13 2 1
backend/internal/middlewares/auth.go:64.13,65.18 1 1
backend/internal/middlewares/auth.go:65.18,67.4 1 1
backend/internal/middlewares/auth.go:68.3,68.14 1 1
backend/internal/middlewares/auth.go:71.2,72.28 2 0
backend/internal/middlewares/auth.go:72.28,75.3 2 0
backend/internal/middlewares/auth.go:76.2,76.14 1 0
backend/internal/middlewares/auth.go:79.51,80.46 1 1
backend/internal/middlewares/auth.go:80.46,82.3 1 1
backend/internal/middlewares/auth.go:83.2,83.11 1 1
backend/internal/middlewares/auth.go:86.92,87.38 1 1
backend/internal/middlewares/auth.go:87.38,90.3 2 1
backend/internal/middlewares/auth.go:91.2,91.39 1 1
backend/internal/middlewares/auth.go:91.39,94.3 2 1
backend/internal/middlewares/auth.go:95.2,95.13 1 1
backend/internal/middlewares/auth.go:98.95,101.2 2 1
backend/internal/middlewares/auth.go:103.151,105.18 2 1
backend/internal/middlewares/auth.go:105.18,107.3 1 1
backend/internal/middlewares/auth.go:108.2,109.16 2 1
backend/internal/middlewares/auth.go:109.16,111.3 1 0
backend/internal/middlewares/auth.go:112.2,112.38 1 1
backend/internal/middlewares/auth.go:112.38,114.3 1 0
backend/internal/middlewares/auth.go:115.2,115.16 1 1
backend/internal/middlewares/auth.go:118.165,120.33 2 1
backend/internal/middlewares/auth.go:120.33,122.3 1 0
backend/internal/middlewares/auth.go:123.2,124.16 2 1
backend/internal/middlewares/auth.go:124.16,127.3 2 0
backend/internal/middlewares/auth.go:128.2,128.38 1 1
backend/internal/middlewares/auth.go:128.38,130.3 1 1
backend/internal/middlewares/auth.go:131.2,131.16 1 1
backend/internal/middlewares/auth.go:134.166,137.38 3 0
backend/internal/middlewares/auth.go:137.38,140.3 2 0
backend/internal/middlewares/auth.go:142.2,142.55 1 0
backend/internal/middlewares/auth.go:142.55,144.3 1 0
backend/internal/middlewares/auth.go:146.2,149.16 4 0
backend/internal/middlewares/auth.go:149.16,151.3 1 0
backend/internal/middlewares/auth.go:153.2,153.35 1 0
backend/internal/middlewares/auth.go:153.35,156.3 2 0
backend/internal/middlewares/auth.go:158.2,159.16 2 0
backend/internal/middlewares/auth.go:159.16,162.3 2 0
backend/internal/middlewares/auth.go:164.2,164.50 1 0
backend/internal/middlewares/auth.go:164.50,167.3 2 0
backend/internal/middlewares/auth.go:169.2,169.42 1 0
backend/internal/middlewares/auth.go:169.42,172.3 2 0
backend/internal/middlewares/auth.go:174.2,174.19 1 0
backend/internal/middlewares/auth.go:177.110,179.21 2 0
backend/internal/middlewares/auth.go:179.21,181.3 1 0
backend/internal/middlewares/auth.go:183.2,183.21 1 0
backend/internal/middlewares/auth.go:183.21,188.45 4 0
backend/internal/middlewares/auth.go:188.45,191.4 2 0
backend/internal/middlewares/auth.go:193.2,193.13 1 0
backend/internal/middlewares/auth.go:197.98,198.46 1 1
backend/internal/middlewares/auth.go:198.46,199.72 1 1
backend/internal/middlewares/auth.go:199.72,201.23 2 1
backend/internal/middlewares/auth.go:201.23,204.5 2 1
backend/internal/middlewares/auth.go:206.4,206.52 1 1
backend/internal/middlewares/auth.go:206.52,209.5 2 1
backend/internal/middlewares/auth.go:211.4,211.24 1 1
backend/internal/middlewares/security.go:18.54,21.2 2 1
backend/internal/middlewares/security.go:27.52,28.71 1 1
backend/internal/middlewares/security.go:28.71,35.3 5 1
backend/internal/middlewares/security.go:42.54,43.71 1 1
backend/internal/middlewares/security.go:43.71,53.3 8 1
backend/internal/middlewares/security.go:60.88,61.46 1 1
backend/internal/middlewares/security.go:61.46,62.72 1 1
backend/internal/middlewares/security.go:62.72,63.21 1 1
backend/internal/middlewares/security.go:63.21,65.5 1 1
backend/internal/middlewares/security.go:66.4,66.24 1 1
backend/internal/middlewares/security.go:75.69,76.46 1 1
backend/internal/middlewares/security.go:76.46,77.72 1 1
backend/internal/middlewares/security.go:77.72,78.17 1 1
backend/internal/middlewares/security.go:78.17,79.37 1 1
backend/internal/middlewares/security.go:79.37,85.6 2 1
backend/internal/middlewares/security.go:87.4,87.24 1 1
backend/internal/middlewares/security.go:93.67,94.18 1 1
backend/internal/middlewares/security.go:94.18,96.3 1 0
backend/internal/middlewares/security.go:97.2,98.41 2 1
backend/internal/middlewares/security.go:98.41,99.39 1 1
backend/internal/middlewares/security.go:99.39,101.4 1 1
backend/internal/middlewares/security.go:103.2,103.14 1 1
backend/internal/middlewares/security.go:107.51,109.41 2 1
backend/internal/middlewares/security.go:109.41,111.3 1 1
backend/internal/middlewares/security.go:112.2,112.80 1 1
backend/internal/middlewares/security.go:112.80,114.3 1 0
backend/internal/middlewares/security.go:115.2,115.100 1 1
backend/internal/middlewares/security.go:115.100,117.3 1 0
backend/internal/middlewares/security.go:118.2,118.14 1 1
backend/internal/middlewares/security.go:125.68,126.46 1 1
backend/internal/middlewares/security.go:126.46,127.72 1 1
backend/internal/middlewares/security.go:127.72,129.47 2 1
backend/internal/middlewares/security.go:129.47,132.5 2 1
backend/internal/middlewares/security.go:134.4,137.38 3 1
backend/internal/middlewares/security.go:137.38,140.5 2 1
backend/internal/middlewares/security.go:142.4,142.24 1 1
backend/internal/middlewares/security.go:148.48,149.16 1 1
backend/internal/middlewares/security.go:150.76,151.14 1 1
backend/internal/middlewares/security.go:152.10,153.15 1 0
backend/internal/middlewares/security.go:161.77,162.46 1 1
backend/internal/middlewares/security.go:162.46,163.72 1 1
backend/internal/middlewares/security.go:163.72,164.81 1 1
backend/internal/middlewares/security.go:164.81,167.5 2 1
backend/internal/middlewares/security.go:168.4,168.24 1 1
backend/internal/views/json_view.go:16.30,18.2 1 1
backend/internal/views/json_view.go:21.95,25.2 3 1
backend/internal/views/json_view.go:28.101,34.2 1 1
backend/internal/views/json_view.go:37.92,39.29 2 1
backend/internal/views/json_view.go:39.29,41.20 2 1
backend/internal/views/json_view.go:41.20,43.4 1 1
backend/internal/views/json_view.go:46.2,47.16 2 1
backend/internal/views/json_view.go:47.16,50.3 2 1
backend/internal/views/json_view.go:52.2,56.4 1 1
backend/internal/views/json_view.go:60.83,66.2 1 1
backend/internal/dto/auth_dto.go:15.41,17.19 2 1
backend/internal/dto/auth_dto.go:17.19,19.3 1 1
backend/internal/dto/auth_dto.go:20.2,20.22 1 1
backend/internal/dto/auth_dto.go:20.22,22.3 1 1
backend/internal/dto/auth_dto.go:23.2,23.12 1 1
backend/internal/dto/auth_dto.go:30.46,32.21 2 1
backend/internal/dto/auth_dto.go:32.21,34.3 1 1
backend/internal/dto/auth_dto.go:35.2,35.12 1 1
backend/internal/dto/auth_dto.go:60.52,61.18 1 1
backend/internal/dto/auth_dto.go:62.72,63.13 1 1
backend/internal/dto/auth_dto.go:64.10,65.96 1 1
backend/internal/dto/auth_dto.go:73.50,74.16 1 1
backend/internal/dto/auth_dto.go:75.43,76.13 1 1
backend/internal/dto/auth_dto.go:77.10,78.79 1 1
backend/internal/dto/quota_dto.go:15.47,16.25 1 1
backend/internal/dto/quota_dto.go:16.25,18.3 1 1
backend/internal/dto/quota_dto.go:20.2,20.21 1 1
backend/internal/dto/quota_dto.go:21.54,21.54 0 1
backend/internal/dto/quota_dto.go:22.10,23.86 1 1
backend/internal/dto/quota_dto.go:26.2,26.12 1 1
backend/internal/dto/quota_dto.go:52.54,53.32 1 1
backend/internal/dto/quota_dto.go:53.32,55.3 1 1
backend/internal/dto/quota_dto.go:56.2,56.12 1 1
backend/internal/dto/ticket_dto.go:25.48,30.23 4 1
backend/internal/dto/ticket_dto.go:30.23,32.3 1 1
backend/internal/dto/ticket_dto.go:33.2,33.22 1 1
backend/internal/dto/ticket_dto.go:33.22,35.3 1 1
backend/internal/dto/ticket_dto.go:36.2,36.19 1 1
backend/internal/dto/ticket_dto.go:36.19,38.3 1 1
backend/internal/dto/ticket_dto.go:39.2,39.38 1 1
backend/internal/dto/ticket_dto.go:39.38,41.3 1 1
backend/internal/dto/ticket_dto.go:43.2,43.20 1 1
backend/internal/dto/ticket_dto.go:43.20,45.18 2 1
backend/internal/dto/ticket_dto.go:45.18,47.4 1 1
backend/internal/dto/ticket_dto.go:47.9,49.4 1 1
backend/internal/dto/ticket_dto.go:52.2,52.22 1 1
backend/internal/dto/ticket_dto.go:53.59,53.59 0 1
backend/internal/dto/ticket_dto.go:54.10,55.92 1 1
backend/internal/dto/ticket_dto.go:58.2,58.22 1 1
backend/internal/dto/ticket_dto.go:59.60,59.60 0 1
backend/internal/dto/ticket_dto.go:60.10,61.92 1 1
backend/internal/dto/ticket_dto.go:64.2,64.25 1 1
backend/internal/dto/ticket_dto.go:64.25,65.24 1 1
backend/internal/dto/ticket_dto.go:66.60,66.60 0 0
backend/internal/dto/ticket_dto.go:67.11,68.92 1 1
backend/internal/dto/ticket_dto.go:72.2,72.12 1 1
backend/internal/dto/ticket_dto.go:81.50,85.50 3 1
backend/internal/dto/ticket_dto.go:85.50,87.3 1 1
backend/internal/dto/ticket_dto.go:89.2,89.79 1 1
backend/internal/dto/ticket_dto.go:89.79,91.3 1 1
backend/internal/dto/ticket_dto.go:93.2,93.26 1 1
backend/internal/dto/ticket_dto.go:94.65,94.65 0 1
backend/internal/dto/ticket_dto.go:95.10,96.97 1 1
backend/internal/dto/ticket_dto.go:99.2,99.12 1 1
backend/internal/dto/ticket_dto.go:149.53,150.22 1 1
backend/internal/dto/ticket_dto.go:151.59,151.59 0 1
backend/internal/dto/ticket_dto.go:152.10,153.92 1 1
backend/internal/dto/ticket_dto.go:155.2,155.17 1 1
backend/internal/dto/ticket_dto.go:155.17,157.3 1 1
backend/internal/dto/ticket_dto.go:158.2,158.12 1 1
backend/internal/models/buyer.go:14.33,16.2 1 1
backend/internal/models/errors.go:29.35,30.18 1 1
backend/internal/models/errors.go:30.18,32.3 1 1
backend/internal/models/errors.go:33.2,33.18 1 1
backend/internal/models/errors.go:36.35,38.2 1 1
backend/internal/models/errors.go:40.73,47.2 1 1
backend/internal/models/errors.go:49.62,51.2 1 1
backend/internal/models/errors.go:53.64,55.2 1 1
backend/internal/models/errors.go:57.60,59.2 1 1
backend/internal/models/errors.go:61.61,63.2 1 1
backend/internal/models/errors.go:65.60,67.2 1 1
backend/internal/models/errors.go:69.60,71.2 1 1
backend/internal/models/price.go:14.39,16.2 1 1
backend/internal/models/quota.go:20.39,22.2 1 1
backend/internal/models/quota.go:31.43,33.2 1 1
backend/internal/models/quota.go:45.41,47.2 1 1
backend/internal/models/quota.go:55.46,57.2 1 0
backend/internal/models/ticket.go:59.34,61.2 1 1
backend/internal/models/token.go:14.40,16.2 1 0
backend/internal/models/token.go:18.40,20.2 1 0
backend/internal/models/user.go:32.32,34.2 1 1
backend/internal/models/validation.go:24.44,26.2 1 1
backend/internal/services/auth_service.go:34.107,39.2 1 1
backend/internal/services/auth_service.go:41.94,42.14 1 1
backend/internal/services/auth_service.go:42.14,44.3 1 1
backend/internal/services/auth_service.go:46.2,47.16 2 1
backend/internal/services/auth_service.go:47.16,49.3 1 1
backend/internal/services/auth_service.go:50.2,50.33 1 1
backend/internal/services/auth_service.go:53.125,54.35 1 1
backend/internal/services/auth_service.go:54.35,56.3 1 1
backend/internal/services/auth_service.go:58.2,59.16 2 1
backend/internal/services/auth_service.go:59.16,61.3 1 0
backend/internal/services/auth_service.go:63.2,63.50 1 1
backend/internal/services/auth_service.go:63.50,69.3 1 1
backend/internal/services/auth_service.go:71.2,71.42 1 1
backend/internal/services/auth_service.go:71.42,73.3 1 1
backend/internal/services/auth_service.go:75.2,76.16 2 1
backend/internal/services/auth_service.go:76.16,78.3 1 0
backend/internal/services/auth_service.go:79.2,81.23 3 1
backend/internal/services/auth_service.go:84.115,85.27 1 1
backend/internal/services/auth_service.go:85.27,87.3 1 1
backend/internal/services/auth_service.go:89.2,91.38 3 1
backend/internal/services/auth_service.go:91.38,93.3 1 1
backend/internal/services/auth_service.go:95.2,95.29 1 1
backend/internal/services/auth_service.go:95.29,99.3 2 1
backend/internal/services/auth_service.go:102.2,102.64 1 1
backend/internal/services/auth_service.go:102.64,104.3 1 0
backend/internal/services/auth_service.go:106.2,107.16 2 1
backend/internal/services/auth_service.go:107.16,109.3 1 0
backend/internal/services/auth_service.go:111.2,111.40 1 1
backend/internal/services/auth_service.go:111.40,113.3 1 0
backend/internal/services/auth_service.go:115.2,115.33 1 1
backend/internal/services/auth_service.go:118.81,119.27 1 1
backend/internal/services/auth_service.go:119.27,121.3 1 0
backend/internal/services/auth_service.go:122.2,123.48 2 1
backend/internal/services/auth_service.go:126.83,128.16 2 1
backend/internal/services/auth_service.go:128.16,130.3 1 0
backend/internal/services/auth_service.go:131.2,132.26 2 1
backend/internal/services/auth_service.go:132.26,134.3 1 1
backend/internal/services/auth_service.go:135.2,135.17 1 1
backend/internal/services/auth_service.go:138.104,139.14 1 1
backend/internal/services/auth_service.go:139.14,141.3 1 0
backend/internal/services/auth_service.go:143.2,143.110 1 1
backend/internal/services/auth_service.go:143.110,145.3 1 0
backend/internal/services/auth_service.go:147.2,148.16 2 1
backend/internal/services/auth_service.go:148.16,150.3 1 0
backend/internal/services/auth_service.go:152.2,153.50 2 1
backend/internal/services/auth_service.go:153.50,155.3 1 0
backend/internal/services/auth_service.go:156.2,156.12 1 1
backend/internal/services/auth_service.go:159.98,160.14 1 1
backend/internal/services/auth_service.go:160.14,162.3 1 0
backend/internal/services/auth_service.go:164.2,164.110 1 1
backend/internal/services/auth_service.go:164.110,166.3 1 0
backend/internal/services/auth_service.go:168.2,169.16 2 1
backend/internal/services/auth_service.go:169.16,171.3 1 0
backend/internal/services/auth_service.go:173.2,174.50 2 1
backend/internal/services/auth_service.go:174.50,176.3 1 0
backend/internal/services/auth_service.go:177.2,177.12 1 1
backend/internal/services/auth_service.go:180.103,182.16 2 1
backend/internal/services/auth_service.go:182.16,184.3 1 0
backend/internal/services/auth_service.go:186.2,187.16 2 1
backend/internal/services/auth_service.go:187.16,189.3 1 0
backend/internal/services/auth_service.go:191.2,198.75 3 1
backend/internal/services/auth_service.go:198.75,200.3 1 0
backend/internal/services/auth_service.go:202.2,208.8 1 1
backend/internal/services/auth_service.go:211.72,219.2 1 1
backend/internal/services/quota_service.go:28.109,33.2 1 1
backend/internal/services/quota_service.go:35.125,36.20 1 1
backend/internal/services/quota_service.go:36.20,38.3 1 1
backend/internal/services/quota_service.go:40.2,41.16 2 1
backend/internal/services/quota_service.go:41.16,43.3 1 1
backend/internal/services/quota_service.go:45.2,46.16 2 1
backend/internal/services/quota_service.go:46.16,48.3 1 0
backend/internal/services/quota_service.go:50.2,51.19 2 1
backend/internal/services/quota_service.go:51.19,53.3 1 0
backend/internal/services/quota_service.go:55.2,62.8 1 1
backend/internal/services/quota_service.go:65.109,67.16 2 1
backend/internal/services/quota_service.go:67.16,69.3 1 0
backend/internal/services/quota_service.go:71.2,72.19 2 1
backend/internal/services/quota_service.go:72.19,74.3 1 0
backend/internal/services/quota_service.go:76.2,80.8 1 1
backend/internal/services/quota_service.go:83.113,84.20 1 1
backend/internal/services/quota_service.go:84.20,86.3 1 1
backend/internal/services/quota_service.go:87.2,87.18 1 1
backend/internal/services/quota_service.go:87.18,89.3 1 1
backend/internal/services/quota_service.go:90.2,90.69 1 1
backend/internal/services/quota_service.go:93.108,94.18 1 1
backend/internal/services/quota_service.go:94.18,96.3 1 1
backend/internal/services/quota_service.go:97.2,97.71 1 1
backend/internal/services/quota_service.go:100.101,101.19 1 1
backend/internal/services/quota_service.go:101.19,103.3 1 1
backend/internal/services/quota_service.go:104.2,104.64 1 1
backend/internal/services/quota_service.go:107.108,109.16 2 1
backend/internal/services/quota_service.go:109.16,111.3 1 0
backend/internal/services/quota_service.go:112.2,112.72 1 1
backend/internal/services/quota_service.go:115.110,116.22 1 1
backend/internal/services/quota_service.go:116.22,118.3 1 1
backend/internal/services/quota_service.go:119.2,119.75 1 1
backend/internal/services/quota_service.go:122.108,124.16 2 1
backend/internal/services/quota_service.go:124.16,126.3 1 0
backend/internal/services/quota_service.go:128.2,129.16 2 1
backend/internal/services/quota_service.go:129.16,131.3 1 0
backend/internal/services/quota_service.go:133.2,134.16 2 1
backend/internal/services/quota_service.go:134.16,136.3 1 0
backend/internal/services/quota_service.go:138.2,139.16 2 1
backend/internal/services/quota_service.go:139.16,141.3 1 0
backend/internal/services/quota_service.go:143.2,144.35 2 1
backend/internal/services/quota_service.go:144.35,145.29 1 0
backend/internal/services/quota_service.go:145.29,147.4 1 0
backend/internal/services/quota_service.go:150.2,156.8 1 1
backend/internal/services/quota_service.go:159.102,161.16 2 1
backend/internal/services/quota_service.go:161.16,163.3 1 0
backend/internal/services/quota_service.go:165.2,166.35 2 1
backend/internal/services/quota_service.go:166.35,167.29 1 0
backend/internal/services/quota_service.go:167.29,169.4 1 0
backend/internal/services/quota_service.go:171.2,171.23 1 1
backend/internal/services/ticket_service.go:44.17,51.2 1 1
backend/internal/services/ticket_service.go:53.135,55.39 1 1
backend/internal/services/ticket_service.go:55.39,57.3 1 1
backend/internal/services/ticket_service.go:59.2,60.16 2 1
backend/internal/services/ticket_service.go:60.16,62.3 1 1
backend/internal/services/ticket_service.go:64.2,65.16 2 1
backend/internal/services/ticket_service.go:65.16,67.3 1 0
backend/internal/services/ticket_service.go:69.2,70.16 2 1
backend/internal/services/ticket_service.go:70.16,72.3 1 0
backend/internal/services/ticket_service.go:74.2,75.16 2 1
backend/internal/services/ticket_service.go:75.16,77.3 1 0
backend/internal/services/ticket_service.go:79.2,80.16 2 1
backend/internal/services/ticket_service.go:80.16,82.3 1 1
backend/internal/services/ticket_service.go:83.2,83.15 1 1
backend/internal/services/ticket_service.go:83.15,85.3 1 0
backend/internal/services/ticket_service.go:87.2,93.67 2 1
backend/internal/services/ticket_service.go:93.67,95.3 1 0
backend/internal/services/ticket_service.go:97.2,98.16 2 1
backend/internal/services/ticket_service.go:98.16,100.3 1 1
backend/internal/services/ticket_service.go:102.2,114.69 2 1
backend/internal/services/ticket_service.go:114.69,116.3 1 0
backend/internal/services/ticket_service.go:118.2,118.15 1 1
backend/internal/services/ticket_service.go:118.15,119.37 1 0
backend/internal/services/ticket_service.go:119.37,121.4 1 0
backend/internal/services/ticket_service.go:124.2,126.40 3 1
backend/internal/services/ticket_service.go:129.111,130.17 1 1
backend/internal/services/ticket_service.go:130.17,132.3 1 0
backend/internal/services/ticket_service.go:134.2,135.16 2 1
backend/internal/services/ticket_service.go:135.16,137.3 1 1
backend/internal/services/ticket_service.go:139.2,156.8 3 1
backend/internal/services/ticket_service.go:159.141,160.39 1 1
backend/internal/services/ticket_service.go:160.39,162.3 1 0
backend/internal/services/ticket_service.go:164.2,165.16 2 1
backend/internal/services/ticket_service.go:165.16,167.3 1 0
backend/internal/services/ticket_service.go:168.2,168.15 1 1
backend/internal/services/ticket_service.go:168.15,170.3 1 0
backend/internal/services/ticket_service.go:172.2,173.16 2 1
backend/internal/services/ticket_service.go:173.16,175.3 1 0
backend/internal/services/ticket_service.go:177.2,179.16 3 1
backend/internal/services/ticket_service.go:179.16,181.3 1 1
backend/internal/services/ticket_service.go:183.2,183.84 1 1
backend/internal/services/ticket_service.go:183.84,185.3 1 0
backend/internal/services/ticket_service.go:187.2,194.77 2 1
backend/internal/services/ticket_service.go:194.77,196.3 1 0
backend/internal/services/ticket_service.go:198.2,198.15 1 1
backend/internal/services/ticket_service.go:198.15,199.37 1 0
backend/internal/services/ticket_service.go:199.37,201.4 1 0
backend/internal/services/ticket_service.go:204.2,206.40 3 1
backend/internal/services/ticket_service.go:209.166,212.15 2 1
backend/internal/services/ticket_service.go:213.36,215.19 2 1
backend/internal/services/ticket_service.go:215.19,217.4 1 1
backend/internal/services/ticket_service.go:218.35,220.19 2 1
backend/internal/services/ticket_service.go:220.19,222.4 1 1
backend/internal/services/ticket_service.go:226.88,228.29 2 1
backend/internal/services/ticket_service.go:228.29,230.3 1 1
backend/internal/services/ticket_service.go:231.2,231.11 1 0
backend/internal/services/ticket_service.go:234.139,235.27 1 1
backend/internal/services/ticket_service.go:235.27,237.3 1 1
backend/internal/services/ticket_service.go:237.8,237.36 1 1
backend/internal/services/ticket_service.go:237.36,239.3 1 1
backend/internal/services/ticket_service.go:240.2,240.61 1 0
backend/internal/services/ticket_service.go:243.107,244.49 1 1
backend/internal/services/ticket_service.go:244.49,246.3 1 1
backend/internal/services/ticket_service.go:248.2,248.15 1 1
backend/internal/services/ticket_service.go:249.36,250.50 1 1
backend/internal/services/ticket_service.go:250.50,252.4 1 1
backend/internal/services/ticket_service.go:253.3,253.46 1 1
backend/internal/services/ticket_service.go:255.35,256.54 1 1
backend/internal/services/ticket_service.go:256.54,258.4 1 0
backend/internal/services/ticket_service.go:259.3,259.55 1 1
backend/internal/services/ticket_service.go:259.55,261.4 1 1
backend/internal/services/ticket_service.go:262.3,262.45 1 1
backend/internal/services/ticket_service.go:265.2,265.70 1 0
backend/internal/services/ticket_service.go:268.115,269.20 1 1
backend/internal/services/ticket_service.go:269.20,271.3 1 0
backend/internal/services/ticket_service.go:273.2,274.16 2 1
backend/internal/services/ticket_service.go:274.16,276.3 1 0
backend/internal/services/ticket_service.go:277.2,277.15 1 1
backend/internal/services/ticket_service.go:277.15,279.3 1 0
backend/internal/services/ticket_service.go:281.2,282.16 2 1
backend/internal/services/ticket_service.go:282.16,284.3 1 0
backend/internal/services/ticket_service.go:286.2,286.49 1 1
backend/internal/services/ticket_service.go:286.49,288.3 1 0
backend/internal/services/ticket_service.go:290.2,293.84 3 1
backend/internal/services/ticket_service.go:293.84,295.3 1 0
backend/internal/services/ticket_service.go:297.2,297.98 1 1
backend/internal/services/ticket_service.go:297.98,298.98 1 0
backend/internal/services/ticket_service.go:298.98,300.4 1 0
backend/internal/services/ticket_service.go:303.2,311.77 2 1
backend/internal/services/ticket_service.go:311.77,313.3 1 0
backend/internal/services/ticket_service.go:315.2,315.15 1 1
backend/internal/services/ticket_service.go:315.15,317.3 1 0
backend/internal/services/ticket_service.go:318.2,318.12 1 1
backend/internal/services/ticket_service.go:321.80,341.21 2 1
backend/internal/services/ticket_service.go:341.21,349.3 1 1
backend/internal/services/ticket_service.go:350.2,350.12 1 1
backend/internal/services/ticket_service.go:353.54,356.16 3 1
backend/internal/services/ticket_service.go:356.16,358.3 1 0
backend/internal/services/ticket_service.go:359.2,359.35 1 1
backend/internal/services/ticket_service.go:362.43,364.16 2 1
backend/internal/services/ticket_service.go:364.16,366.3 1 0
backend/internal/services/ticket_service.go:367.2,367.44 1 1
backend/internal/services/ticket_service.go:370.87,371.27 1 1
backend/internal/services/ticket_service.go:371.27,373.17 2 1
backend/internal/services/ticket_service.go:373.17,375.4 1 0
backend/internal/services/ticket_service.go:376.3,377.17 2 1
backend/internal/services/ticket_service.go:377.17,379.4 1 0
backend/internal/services/ticket_service.go:380.3,380.14 1 1
backend/internal/services/ticket_service.go:380.14,382.4 1 1
backend/internal/services/ticket_service.go:384.2,384.84 1 0
backend/internal/services/ticket_service.go:387.98,389.16 2 1
backend/internal/services/ticket_service.go:389.16,391.3 1 0
backend/internal/services/ticket_service.go:393.2,397.20 2 1
backend/internal/services/ticket_service.go:400.143,401.39 1 1
backend/internal/services/ticket_service.go:401.39,403.3 1 0
backend/internal/services/ticket_service.go:405.2,406.16 2 1
backend/internal/services/ticket_service.go:406.16,408.3 1 0
backend/internal/services/ticket_service.go:410.2,410.36 1 1
backend/internal/services/ticket_service.go:410.36,412.3 1 1
backend/internal/services/ticket_service.go:414.2,414.83 1 1
backend/internal/services/ticket_service.go:414.83,416.3 1 0
backend/internal/services/ticket_service.go:418.2,421.8 1 1
backend/internal/services/ticket_service.go:424.106,426.16 2 1
backend/internal/services/ticket_service.go:426.16,428.3 1 0
backend/internal/services/ticket_service.go:430.2,431.28 2 1
backend/internal/services/ticket_service.go:431.28,433.3 1 0
backend/internal/services/ticket_service.go:434.2,434.22 1 1
backend/internal/services/ticket_service.go:437.195,438.47 1 1
backend/internal/services/ticket_service.go:438.47,440.17 2 1
backend/internal/services/ticket_service.go:440.17,442.4 1 1
backend/internal/services/ticket_service.go:443.3,443.17 1 1
backend/internal/services/ticket_service.go:445.2,445.37 1 1
backend/internal/controllers/auth_controller.go:23.100,28.2 1 1
backend/internal/controllers/auth_controller.go:30.78,32.61 2 1
backend/internal/controllers/auth_controller.go:32.61,35.3 2 1
backend/internal/controllers/auth_controller.go:37.2,37.39 1 0
backend/internal/controllers/auth_controller.go:37.39,40.3 2 0
backend/internal/controllers/auth_controller.go:42.2,44.32 3 0
backend/internal/controllers/auth_controller.go:44.32,47.3 2 0
backend/internal/controllers/auth_controller.go:49.2,53.16 4 0
backend/internal/controllers/auth_controller.go:53.16,55.3 1 0
backend/internal/controllers/auth_controller.go:57.2,58.16 2 0
backend/internal/controllers/auth_controller.go:58.16,61.3 2 0
backend/internal/controllers/auth_controller.go:63.2,63.46 1 0
backend/internal/controllers/auth_controller.go:63.46,66.22 3 0
backend/internal/controllers/auth_controller.go:66.22,69.4 2 0
backend/internal/controllers/auth_controller.go:70.3,71.9 2 0
backend/internal/controllers/auth_controller.go:74.2,75.69 2 0
backend/internal/controllers/auth_controller.go:78.74,80.38 2 1
backend/internal/controllers/auth_controller.go:80.38,83.3 2 1
backend/internal/controllers/auth_controller.go:85.2,86.16 2 1
backend/internal/controllers/auth_controller.go:86.16,90.3 3 0
backend/internal/controllers/auth_controller.go:92.2,93.81 2 1
backend/internal/controllers/auth_controller.go:96.73,97.80 1 1
backend/internal/controllers/auth_controller.go:97.80,99.3 1 1
backend/internal/controllers/auth_controller.go:101.2,102.70 2 1
backend/internal/controllers/auth_controller.go:105.76,107.16 2 1
backend/internal/controllers/auth_controller.go:107.16,110.3 2 0
backend/internal/controllers/auth_controller.go:111.2,111.77 1 1
backend/internal/controllers/auth_controller.go:114.83,116.18 2 1
backend/internal/controllers/auth_controller.go:116.18,119.3 2 1
backend/internal/controllers/auth_controller.go:121.2,122.61 2 1
backend/internal/controllers/auth_controller.go:122.61,125.3 2 0
backend/internal/controllers/auth_controller.go:127.2,127.39 1 1
backend/internal/controllers/auth_controller.go:127.39,130.3 2 0
backend/internal/controllers/auth_controller.go:132.2,132.88 1 1
backend/internal/controllers/auth_controller.go:132.88,135.3 2 0
backend/internal/controllers/auth_controller.go:137.2,137.79 1 1
backend/internal/controllers/auth_controller.go:140.81,142.18 2 1
backend/internal/controllers/auth_controller.go:142.18,145.3 2 1
backend/internal/controllers/auth_controller.go:147.2,148.61 2 1
backend/internal/controllers/auth_controller.go:148.61,151.3 2 0
backend/internal/controllers/auth_controller.go:153.2,153.39 1 1
backend/internal/controllers/auth_controller.go:153.39,156.3 2 0
backend/internal/controllers/auth_controller.go:158.2,158.84 1 1
backend/internal/controllers/auth_controller.go:158.84,161.3 2 0
backend/internal/controllers/auth_controller.go:163.2,163.77 1 1
backend/internal/controllers/auth_controller.go:166.92,177.2 1 1
backend/internal/controllers/auth_controller.go:179.73,190.2 1 1
backend/internal/controllers/health_controller.go:18.66,23.2 1 1
backend/internal/controllers/health_controller.go:29.75,42.2 3 1
backend/internal/controllers/quota_controller.go:17.104,22.2 1 1
backend/internal/controllers/quota_controller.go:24.82,26.20 2 1
backend/internal/controllers/quota_controller.go:26.20,29.3 2 1
backend/internal/controllers/quota_controller.go:31.2,32.16 2 1
backend/internal/controllers/quota_controller.go:32.16,35.3 2 0
backend/internal/controllers/quota_controller.go:37.2,37.86 1 1
backend/internal/controllers/quota_controller.go:40.86,42.16 2 1
backend/internal/controllers/quota_controller.go:42.16,45.3 2 0
backend/internal/controllers/quota_controller.go:47.2,47.91 1 1
backend/internal/controllers/quota_controller.go:50.79,52.19 2 1
backend/internal/controllers/quota_controller.go:52.19,54.3 1 0
backend/internal/controllers/quota_controller.go:56.2,57.61 2 1
backend/internal/controllers/quota_controller.go:57.61,60.3 2 0
backend/internal/controllers/quota_controller.go:62.2,62.39 1 1
backend/internal/controllers/quota_controller.go:62.39,65.3 2 0
backend/internal/controllers/quota_controller.go:67.2,67.23 1 1
backend/internal/controllers/quota_controller.go:68.18,69.75 1 1
backend/internal/controllers/quota_controller.go:69.75,70.112 1 1
backend/internal/controllers/quota_controller.go:70.112,73.5 2 0
backend/internal/controllers/quota_controller.go:74.9,75.109 1 0
backend/internal/controllers/quota_controller.go:75.109,78.5 2 0
backend/internal/controllers/quota_controller.go:80.14,81.100 1 1
backend/internal/controllers/quota_controller.go:81.100,84.4 2 0
backend/internal/controllers/quota_controller.go:87.2,87.73 1 1
backend/internal/controllers/quota_controller.go:90.89,92.16 2 1
backend/internal/controllers/quota_controller.go:92.16,95.3 2 0
backend/internal/controllers/quota_controller.go:96.2,96.91 1 1
backend/internal/controllers/quota_controller.go:99.92,101.19 2 1
backend/internal/controllers/quota_controller.go:101.19,103.3 1 0
backend/internal/controllers/quota_controller.go:105.2,106.61 2 1
backend/internal/controllers/quota_controller.go:106.61,109.3 2 0
backend/internal/controllers/quota_controller.go:111.2,111.39 1 1
backend/internal/controllers/quota_controller.go:111.39,114.3 2 0
backend/internal/controllers/quota_controller.go:116.2,116.112 1 1
backend/internal/controllers/quota_controller.go:116.112,119.3 2 0
backend/internal/controllers/quota_controller.go:121.2,121.90 1 1
backend/internal/controllers/quota_controller.go:124.89,126.16 2 1
backend/internal/controllers/quota_controller.go:126.16,129.3 2 0
backend/internal/controllers/quota_controller.go:130.2,130.95 1 1
backend/internal/controllers/quota_controller.go:133.87,135.16 2 1
backend/internal/controllers/quota_controller.go:135.16,138.3 2 0
backend/internal/controllers/quota_controller.go:139.2,139.93 1 1
backend/internal/controllers/ticket_controller.go:24.108,29.2 1 1
backend/internal/controllers/ticket_controller.go:31.81,33.80 2 1
backend/internal/controllers/ticket_controller.go:33.80,35.3 1 0
backend/internal/controllers/ticket_controller.go:35.8,37.3 1 1
backend/internal/controllers/ticket_controller.go:39.2,39.20 1 1
backend/internal/controllers/ticket_controller.go:39.20,42.3 2 1
backend/internal/controllers/ticket_controller.go:44.2,45.61 2 1
backend/internal/controllers/ticket_controller.go:45.61,48.3 2 1
backend/internal/controllers/ticket_controller.go:50.2,50.39 1 0
backend/internal/controllers/ticket_controller.go:50.39,53.3 2 0
backend/internal/controllers/ticket_controller.go:55.2,56.16 2 0
backend/internal/controllers/ticket_controller.go:56.16,59.3 2 0
backend/internal/controllers/ticket_controller.go:61.2,61.77 1 0
backend/internal/controllers/ticket_controller.go:64.80,70.80 4 1
backend/internal/controllers/ticket_controller.go:70.80,73.3 2 1
backend/internal/controllers/ticket_controller.go:73.8,75.3 1 1
backend/internal/controllers/ticket_controller.go:77.2,77.20 1 1
backend/internal/controllers/ticket_controller.go:77.20,80.3 2 1
backend/internal/controllers/ticket_controller.go:83.2,83.14 1 1
backend/internal/controllers/ticket_controller.go:83.14,85.3 1 1
backend/internal/controllers/ticket_controller.go:87.2,88.16 2 1
backend/internal/controllers/ticket_controller.go:88.16,91.3 2 0
backend/internal/controllers/ticket_controller.go:93.2,93.81 1 1
backend/internal/controllers/ticket_controller.go:96.84,98.17 2 1
backend/internal/controllers/ticket_controller.go:98.17,101.3 2 1
backend/internal/controllers/ticket_controller.go:103.2,104.16 2 1
backend/internal/controllers/ticket_controller.go:104.16,107.3 2 0
backend/internal/controllers/ticket_controller.go:109.2,109.92 1 1
backend/internal/controllers/ticket_controller.go:112.83,114.80 2 1
backend/internal/controllers/ticket_controller.go:114.80,116.3 1 1
backend/internal/controllers/ticket_controller.go:116.8,118.3 1 1
backend/internal/controllers/ticket_controller.go:120.2,120.22 1 1
backend/internal/controllers/ticket_controller.go:120.22,123.3 2 1
backend/internal/controllers/ticket_controller.go:125.2,126.61 2 1
backend/internal/controllers/ticket_controller.go:126.61,129.3 2 0
backend/internal/controllers/ticket_controller.go:131.2,131.39 1 1
backend/internal/controllers/ticket_controller.go:131.39,134.3 2 0
backend/internal/controllers/ticket_controller.go:136.2,137.16 2 1
backend/internal/controllers/ticket_controller.go:137.16,140.3 2 0
backend/internal/controllers/ticket_controller.go:142.2,142.79 1 1
backend/internal/controllers/ticket_controller.go:145.80,147.80 2 1
backend/internal/controllers/ticket_controller.go:147.80,149.3 1 1
backend/internal/controllers/ticket_controller.go:149.8,151.3 1 0
backend/internal/controllers/ticket_controller.go:153.2,153.22 1 1
backend/internal/controllers/ticket_controller.go:153.22,156.3 2 0
backend/internal/controllers/ticket_controller.go:158.2,159.20 2 1
backend/internal/controllers/ticket_controller.go:159.20,162.3 2 0
backend/internal/controllers/ticket_controller.go:164.2,169.99 3 1
backend/internal/controllers/ticket_controller.go:169.99,172.3 2 0
backend/internal/controllers/ticket_controller.go:174.2,174.75 1 1
backend/internal/controllers/ticket_controller.go:177.78,179.16 2 1
backend/internal/controllers/ticket_controller.go:179.16,182.3 2 0
backend/internal/controllers/ticket_controller.go:183.2,183.93 1 1
backend/internal/controllers/ticket_controller.go:186.80,188.80 2 1
backend/internal/controllers/ticket_controller.go:188.80,190.3 1 1
backend/internal/controllers/ticket_controller.go:190.8,192.3 1 0
backend/internal/controllers/ticket_controller.go:194.2,194.19 1 1
backend/internal/controllers/ticket_controller.go:194.19,197.3 2 0
backend/internal/controllers/ticket_controller.go:199.2,200.61 2 1
backend/internal/controllers/ticket_controller.go:200.61,203.3 2 0
backend/internal/controllers/ticket_controller.go:205.2,206.16 2 1
backend/internal/controllers/ticket_controller.go:206.16,209.3 2 0
backend/internal/controllers/ticket_controller.go:211.2,211.89 1 1
backend/cmd/migrate/main.go:14.13,21.15 5 0
backend/cmd/migrate/main.go:21.15,23.3 1 0
backend/cmd/migrate/main.go:25.2,27.16 3 0
backend/cmd/migrate/main.go:27.16,29.3 1 0
backend/cmd/migrate/main.go:32.2,47.16 4 0
backend/cmd/migrate/main.go:47.16,49.3 1 0
backend/cmd/migrate/main.go:52.2,61.51 4 0
backend/cmd/migrate/main.go:61.51,63.3 1 0
backend/cmd/migrate/main.go:65.2,65.66 1 0
backend/tools/gen_test_jwt/main.go:17.13,22.15 4 0
backend/tools/gen_test_jwt/main.go:22.15,24.3 1 0
backend/tools/gen_test_jwt/main.go:26.2,27.16 2 0
backend/tools/gen_test_jwt/main.go:27.16,29.3 1 0
backend/tools/gen_test_jwt/main.go:30.2,34.35 4 0
backend/tools/gen_test_jwt/main.go:34.35,36.3 1 0
backend/tools/gen_test_jwt/main.go:38.2,39.26 2 0
backend/tools/gen_test_jwt/main.go:39.26,40.38 1 0
backend/tools/gen_test_jwt/main.go:40.38,42.9 2 0
backend/tools/gen_test_jwt/main.go:46.2,46.23 1 0
backend/tools/gen_test_jwt/main.go:46.23,48.3 1 0
backend/tools/gen_test_jwt/main.go:50.2,51.16 2 0
backend/tools/gen_test_jwt/main.go:51.16,53.3 1 0
backend/tools/gen_test_jwt/main.go:55.2,55.23 1 0
backend/internal/database/db.go:12.45,13.15 1 0
backend/internal/database/db.go:13.15,15.3 1 0
backend/internal/database/db.go:17.2,18.16 2 0
backend/internal/database/db.go:18.16,20.3 1 0
backend/internal/database/db.go:22.2,27.34 5 0
backend/internal/database/db.go:27.34,29.3 1 0
backend/internal/database/db.go:31.2,31.16 1 0
backend/internal/repository/price_repository.go:21.53,23.2 1 0
backend/internal/repository/price_repository.go:25.118,33.35 4 0
backend/internal/repository/price_repository.go:33.35,35.47 1 0
backend/internal/repository/price_repository.go:35.47,37.4 1 0
backend/internal/repository/price_repository.go:38.3,38.21 1 0
backend/internal/repository/price_repository.go:40.2,40.19 1 0
backend/internal/repository/price_repository.go:43.122,45.16 2 0
backend/internal/repository/price_repository.go:45.16,47.3 1 0
backend/internal/repository/price_repository.go:48.2,52.16 3 0
backend/internal/repository/price_repository.go:52.16,54.3 1 0
backend/internal/repository/price_repository.go:57.2,61.16 2 0
backend/internal/repository/price_repository.go:61.16,63.3 1 0
backend/internal/repository/price_repository.go:65.2,65.20 1 0
backend/internal/repository/price_repository.go:68.114,80.16 4 0
backend/internal/repository/price_repository.go:80.16,82.3 1 0
backend/internal/repository/price_repository.go:83.2,85.18 2 0
backend/internal/repository/price_repository.go:85.18,88.51 3 0
backend/internal/repository/price_repository.go:88.51,90.4 1 0
backend/internal/repository/price_repository.go:93.2,93.35 1 0
backend/internal/repository/price_repository.go:93.35,95.3 1 0
backend/internal/repository/price_repository.go:97.2,97.20 1 0
backend/internal/repository/quota_repository.go:29.53,31.2 1 0
backend/internal/repository/quota_repository.go:33.117,41.35 4 0
backend/internal/repository/quota_repository.go:41.35,45.3 3 0
backend/internal/repository/quota_repository.go:46.2,46.15 1 0
backend/internal/repository/quota_repository.go:49.108,57.35 4 0
backend/internal/repository/quota_repository.go:57.35,59.3 1 0
backend/internal/repository/quota_repository.go:60.2,60.15 1 0
backend/internal/repository/quota_repository.go:64.170,65.48 1 0
backend/internal/repository/quota_repository.go:65.48,67.3 1 0
backend/internal/repository/quota_repository.go:69.2,69.51 1 0
backend/internal/repository/quota_repository.go:69.51,71.3 1 0
backend/internal/repository/quota_repository.go:74.2,75.16 2 0
backend/internal/repository/quota_repository.go:75.16,77.3 1 0
backend/internal/repository/quota_repository.go:78.2,78.53 1 0
backend/internal/repository/quota_repository.go:81.135,88.35 3 0
backend/internal/repository/quota_repository.go:88.35,92.17 4 0
backend/internal/repository/quota_repository.go:92.17,94.4 1 0
backend/internal/repository/quota_repository.go:95.3,95.45 1 0
backend/internal/repository/quota_repository.go:96.8,96.23 1 0
backend/internal/repository/quota_repository.go:96.23,98.3 1 0
backend/internal/repository/quota_repository.go:100.2,100.31 1 0
backend/internal/repository/quota_repository.go:100.31,104.17 2 0
backend/internal/repository/quota_repository.go:104.17,106.4 1 0
backend/internal/repository/quota_repository.go:107.3,107.41 1 0
backend/internal/repository/quota_repository.go:110.2,110.49 1 0
backend/internal/repository/quota_repository.go:113.137,120.35 3 0
backend/internal/repository/quota_repository.go:120.35,122.17 2 0
backend/internal/repository/quota_repository.go:122.17,124.4 1 0
backend/internal/repository/quota_repository.go:125.3,125.29 1 0
backend/internal/repository/quota_repository.go:126.8,126.23 1 0
backend/internal/repository/quota_repository.go:126.23,128.3 1 0
backend/internal/repository/quota_repository.go:130.2,130.26 1 0
backend/internal/repository/quota_repository.go:130.26,134.17 2 0
backend/internal/repository/quota_repository.go:134.17,136.4 1 0
backend/internal/repository/quota_repository.go:137.3,140.17 2 0
backend/internal/repository/quota_repository.go:140.17,142.4 1 0
backend/internal/repository/quota_repository.go:143.3,143.38 1 0
backend/internal/repository/quota_repository.go:146.2,146.64 1 0
backend/internal/repository/quota_repository.go:150.138,151.21 1 0
backend/internal/repository/quota_repository.go:152.34,156.13 2 0
backend/internal/repository/quota_repository.go:157.31,161.17 2 0
backend/internal/repository/quota_repository.go:161.17,163.4 1 0
backend/internal/repository/quota_repository.go:164.3,167.13 2 0
backend/internal/repository/quota_repository.go:169.2,169.12 1 0
backend/internal/repository/quota_repository.go:172.124,174.16 2 0
backend/internal/repository/quota_repository.go:174.16,176.3 1 0
backend/internal/repository/quota_repository.go:177.2,182.35 4 0
backend/internal/repository/quota_repository.go:182.35,188.3 2 0
backend/internal/repository/quota_repository.go:188.8,192.3 1 0
backend/internal/repository/quota_repository.go:193.2,193.16 1 0
backend/internal/repository/quota_repository.go:193.16,195.3 1 0
backend/internal/repository/quota_repository.go:198.2,202.16 2 0
backend/internal/repository/quota_repository.go:202.16,204.3 1 0
backend/internal/repository/quota_repository.go:206.2,206.20 1 0
backend/internal/repository/quota_repository.go:209.119,211.16 2 0
backend/internal/repository/quota_repository.go:211.16,213.3 1 0
backend/internal/repository/quota_repository.go:214.2,222.16 3 0
backend/internal/repository/quota_repository.go:222.16,224.3 1 0
backend/internal/repository/quota_repository.go:227.2,232.16 2 0
backend/internal/repository/quota_repository.go:232.16,234.3 1 0
backend/internal/repository/quota_repository.go:237.2,241.16 2 0
backend/internal/repository/quota_repository.go:241.16,243.3 1 0
backend/internal/repository/quota_repository.go:245.2,245.20 1 0
backend/internal/repository/quota_repository.go:248.112,250.16 2 0
backend/internal/repository/quota_repository.go:250.16,252.3 1 0
backend/internal/repository/quota_repository.go:253.2,258.35 4 0
backend/internal/repository/quota_repository.go:258.35,263.3 2 0
backend/internal/repository/quota_repository.go:263.8,267.3 1 0
backend/internal/repository/quota_repository.go:268.2,268.16 1 0
backend/internal/repository/quota_repository.go:268.16,270.3 1 0
backend/internal/repository/quota_repository.go:273.2,277.16 2 0
backend/internal/repository/quota_repository.go:277.16,279.3 1 0
backend/internal/repository/quota_repository.go:281.2,281.20 1 0
backend/internal/repository/quota_repository.go:284.91,287.35 3 0
backend/internal/repository/quota_repository.go:287.35,289.3 1 0
backend/internal/repository/quota_repository.go:290.2,290.26 1 0
backend/internal/repository/quota_repository.go:293.113,306.16 3 0
backend/internal/repository/quota_repository.go:306.16,308.3 1 0
backend/internal/repository/quota_repository.go:309.2,312.18 3 0
backend/internal/repository/quota_repository.go:312.18,316.17 4 0
backend/internal/repository/quota_repository.go:316.17,318.4 1 0
backend/internal/repository/quota_repository.go:319.3,321.31 3 0
backend/internal/repository/quota_repository.go:321.31,323.4 1 0
backend/internal/repository/quota_repository.go:324.3,325.26 2 0
backend/internal/repository/quota_repository.go:327.2,327.25 1 0
backend/internal/repository/quota_repository.go:330.122,339.16 3 0
backend/internal/repository/quota_repository.go:339.16,341.3 1 0
backend/internal/repository/quota_repository.go:342.2,345.18 3 0
backend/internal/repository/quota_repository.go:345.18,347.109 2 0
backend/internal/repository/quota_repository.go:347.109,349.4 1 0
backend/internal/repository/quota_repository.go:350.3,350.28 1 0
backend/internal/repository/quota_repository.go:352.2,352.25 1 0
backend/internal/repository/ticket_repository.go:34.55,36.2 1 0
backend/internal/repository/ticket_repository.go:38.82,40.2 1 0
backend/internal/repository/ticket_repository.go:42.92,50.2 2 0
backend/internal/repository/ticket_repository.go:52.106,60.2 2 0
backend/internal/repository/ticket_repository.go:62.108,76.2 2 0
backend/internal/repository/ticket_repository.go:107.100,110.2 2 0
backend/internal/repository/ticket_repository.go:112.114,115.2 2 0
backend/internal/repository/ticket_repository.go:117.112,120.2 2 0
backend/internal/repository/ticket_repository.go:122.126,125.2 2 0
backend/internal/repository/ticket_repository.go:127.110,130.2 2 0
backend/internal/repository/ticket_repository.go:132.124,135.2 2 0
backend/internal/repository/ticket_repository.go:137.103,142.2 4 0
backend/internal/repository/ticket_repository.go:144.135,148.2 3 0
backend/internal/repository/ticket_repository.go:150.122,158.2 2 0
backend/internal/repository/ticket_repository.go:164.88,180.35 7 0
backend/internal/repository/ticket_repository.go:180.35,182.3 1 0
backend/internal/repository/ticket_repository.go:183.2,183.16 1 0
backend/internal/repository/ticket_repository.go:183.16,185.3 1 0
backend/internal/repository/ticket_repository.go:186.2,188.22 3 0
backend/internal/repository/ticket_repository.go:188.22,190.3 1 0
backend/internal/repository/ticket_repository.go:191.2,191.24 1 0
backend/internal/repository/ticket_repository.go:191.24,193.3 1 0
backend/internal/repository/ticket_repository.go:194.2,194.21 1 0
backend/internal/repository/ticket_repository.go:194.21,196.3 1 0
backend/internal/repository/ticket_repository.go:197.2,197.23 1 0
backend/internal/repository/ticket_repository.go:197.23,199.3 1 0
backend/internal/repository/ticket_repository.go:200.2,200.15 1 0
backend/internal/repository/ticket_repository.go:203.112,205.16 2 0
backend/internal/repository/ticket_repository.go:205.16,207.3 1 0
backend/internal/repository/ticket_repository.go:208.2,211.18 3 0
backend/internal/repository/ticket_repository.go:211.18,213.17 2 0
backend/internal/repository/ticket_repository.go:213.17,215.4 1 0
backend/internal/repository/ticket_repository.go:216.3,216.31 1 0
backend/internal/repository/ticket_repository.go:218.2,218.28 1 0
backend/internal/repository/ticket_repository.go:221.114,224.20 3 0
backend/internal/repository/ticket_repository.go:224.20,227.3 2 0
backend/internal/repository/ticket_repository.go:229.2,229.46 1 0
backend/internal/repository/ticket_repository.go:229.46,231.44 2 0
backend/internal/repository/ticket_repository.go:231.44,232.12 1 0
backend/internal/repository/ticket_repository.go:234.3,234.19 1 0
backend/internal/repository/ticket_repository.go:236.2,236.17 1 0
backend/internal/repository/ticket_repository.go:239.59,240.33 1 0
backend/internal/repository/ticket_repository.go:240.33,242.3 1 0
backend/internal/repository/ticket_repository.go:243.2,244.94 2 0
backend/internal/repository/token_repository.go:23.53,25.2 1 0
backend/internal/repository/token_repository.go:27.105,35.2 2 0
backend/internal/repository/token_repository.go:37.114,45.35 4 0
backend/internal/repository/token_repository.go:45.35,47.3 1 0
backend/internal/repository/token_repository.go:48.2,48.15 1 0
backend/internal/repository/token_repository.go:51.92,55.2 3 0
backend/internal/repository/token_repository.go:57.97,61.2 3 0
backend/internal/repository/user_repository.go:27.51,29.2 1 0
backend/internal/repository/user_repository.go:31.84,39.2 2 0
backend/internal/repository/user_repository.go:41.96,49.35 4 0
backend/internal/repository/user_repository.go:49.35,51.3 1 0
backend/internal/repository/user_repository.go:52.2,52.15 1 0
backend/internal/repository/user_repository.go:55.102,63.35 4 0
backend/internal/repository/user_repository.go:63.35,65.3 1 0
backend/internal/repository/user_repository.go:66.2,66.15 1 0
backend/internal/repository/user_repository.go:69.108,77.35 4 0
backend/internal/repository/user_repository.go:77.35,79.3 1 0
backend/internal/repository/user_repository.go:80.2,80.15 1 0
backend/internal/repository/user_repository.go:84.130,87.16 2 0
backend/internal/repository/user_repository.go:87.16,89.3 1 0
backend/internal/repository/user_repository.go:91.2,92.16 2 0
backend/internal/repository/user_repository.go:92.16,94.45 1 0
backend/internal/repository/user_repository.go:94.45,97.4 2 0
backend/internal/repository/user_repository.go:98.3,98.23 1 0
backend/internal/repository/user_repository.go:102.2,110.47 2 0
backend/internal/repository/user_repository.go:110.47,112.3 1 0
backend/internal/repository/user_repository.go:114.2,114.27 1 0
backend/internal/repository/user_repository.go:117.84,125.2 3 0
backend/internal/repository/user_repository.go:127.84,133.16 3 0
backend/internal/repository/user_repository.go:133.16,135.3 1 0
backend/internal/repository/user_repository.go:136.2,139.18 3 0
backend/internal/repository/user_repository.go:139.18,141.122 2 0
backend/internal/repository/user_repository.go:141.122,143.4 1 0
backend/internal/repository/user_repository.go:144.3,144.27 1 0
backend/internal/repository/user_repository.go:146.2,146.26 1 0
backend/internal/repository/user_repository.go:149.98,157.2 3 0
backend/cmd/server/main.go:32.49,33.15 1 0
backend/cmd/server/main.go:33.15,35.28 2 0
backend/cmd/server/main.go:35.29,35.90 0 0
backend/cmd/server/main.go:38.2,39.16 2 0
backend/cmd/server/main.go:39.16,41.28 2 0
backend/cmd/server/main.go:41.29,41.90 0 0
backend/cmd/server/main.go:44.2,54.22 4 0
backend/cmd/server/main.go:54.22,56.3 1 0
backend/cmd/server/main.go:57.2,59.103 2 0
backend/cmd/server/main.go:59.103,61.3 1 0
backend/cmd/server/main.go:61.8,64.3 1 0
backend/cmd/server/main.go:66.2,66.19 1 0
backend/cmd/server/main.go:66.19,67.36 1 0
backend/cmd/server/main.go:67.36,69.4 1 0
backend/cmd/server/main.go:73.13,76.16 2 0
backend/cmd/server/main.go:76.16,78.3 1 0
backend/cmd/server/main.go:79.2,87.16 6 0
backend/cmd/server/main.go:87.16,89.3 1 0
backend/cmd/server/main.go:90.2,104.112 10 0
backend/cmd/server/main.go:104.112,112.3 6 0
backend/cmd/server/main.go:114.2,134.12 5 0
backend/cmd/server/main.go:134.12,137.90 2 0
backend/cmd/server/main.go:137.90,139.4 1 0
backend/cmd/server/main.go:142.2,148.45 5 0
backend/cmd/server/main.go:148.45,150.3 1 0
backend/cmd/server/main.go:152.2,152.39 1 0
backend/internal/routes/routes.go:25.49,30.33 3 0
backend/internal/routes/routes.go:30.33,32.3 1 0
backend/internal/routes/routes.go:33.2,33.31 1 0
backend/internal/routes/routes.go:33.31,37.3 3 0
backend/internal/routes/routes.go:40.2,40.25 1 0
backend/internal/routes/routes.go:40.25,44.34 3 0
backend/internal/routes/routes.go:44.34,51.4 6 0
backend/internal/routes/routes.go:53.3,53.33 1 0
backend/internal/routes/routes.go:53.33,61.4 7 0
backend/internal/routes/routes.go:63.3,63.32 1 0
backend/internal/routes/routes.go:63.32,67.4 3 0
backend/internal/routes/routes.go:71.2,82.64 5 0
backend/internal/routes/routes.go:82.64,83.51 1 0
backend/internal/routes/routes.go:83.51,84.54 1 0
backend/internal/routes/routes.go:84.54,86.5 1 0
backend/internal/routes/routes.go:89.2,94.16 5 0
