mode: atomic
backend/internal/models/buyer.go:14.33,16.2 1 1
backend/internal/models/errors.go:29.35,30.18 1 2
backend/internal/models/errors.go:30.18,32.3 1 1
backend/internal/models/errors.go:33.2,33.18 1 1
backend/internal/models/errors.go:36.35,38.2 1 1
backend/internal/models/errors.go:40.73,47.2 1 8
backend/internal/models/errors.go:49.62,51.2 1 1
backend/internal/models/errors.go:53.64,55.2 1 1
backend/internal/models/errors.go:57.60,59.2 1 1
backend/internal/models/errors.go:61.61,63.2 1 1
backend/internal/models/errors.go:65.60,67.2 1 1
backend/internal/models/errors.go:69.60,71.2 1 1
backend/internal/models/price.go:14.39,16.2 1 1
backend/internal/models/quota.go:21.39,23.2 1 1
backend/internal/models/quota.go:32.43,34.2 1 1
backend/internal/models/quota.go:46.41,48.2 1 1
backend/internal/models/quota.go:57.46,59.2 1 0
backend/internal/models/ticket.go:59.34,61.2 1 1
backend/internal/models/token.go:14.40,16.2 1 0
backend/internal/models/token.go:18.40,20.2 1 0
backend/internal/models/user.go:32.32,34.2 1 1
backend/internal/models/validation.go:24.44,26.2 1 1
backend/internal/dto/auth_dto.go:15.41,17.19 2 3
backend/internal/dto/auth_dto.go:17.19,19.3 1 1
backend/internal/dto/auth_dto.go:20.2,20.22 1 2
backend/internal/dto/auth_dto.go:20.22,22.3 1 1
backend/internal/dto/auth_dto.go:23.2,23.12 1 1
backend/internal/dto/auth_dto.go:30.46,32.21 2 2
backend/internal/dto/auth_dto.go:32.21,34.3 1 1
backend/internal/dto/auth_dto.go:35.2,35.12 1 1
backend/internal/dto/auth_dto.go:60.52,61.18 1 4
backend/internal/dto/auth_dto.go:62.72,63.13 1 3
backend/internal/dto/auth_dto.go:64.10,65.96 1 1
backend/internal/dto/auth_dto.go:73.50,74.16 1 3
backend/internal/dto/auth_dto.go:75.43,76.13 1 2
backend/internal/dto/auth_dto.go:77.10,78.79 1 1
backend/internal/dto/quota_dto.go:15.47,16.25 1 3
backend/internal/dto/quota_dto.go:16.25,18.3 1 1
backend/internal/dto/quota_dto.go:20.2,20.21 1 2
backend/internal/dto/quota_dto.go:21.54,21.54 0 1
backend/internal/dto/quota_dto.go:22.10,23.86 1 1
backend/internal/dto/quota_dto.go:26.2,26.12 1 1
backend/internal/dto/quota_dto.go:56.54,57.66 1 2
backend/internal/dto/quota_dto.go:57.66,59.3 1 1
backend/internal/dto/quota_dto.go:60.2,60.58 1 1
backend/internal/dto/quota_dto.go:60.58,62.3 1 0
backend/internal/dto/quota_dto.go:63.2,63.12 1 1
backend/internal/dto/ticket_dto.go:25.48,30.23 4 9
backend/internal/dto/ticket_dto.go:30.23,32.3 1 1
backend/internal/dto/ticket_dto.go:33.2,33.22 1 8
backend/internal/dto/ticket_dto.go:33.22,35.3 1 1
backend/internal/dto/ticket_dto.go:36.2,36.19 1 7
backend/internal/dto/ticket_dto.go:36.19,38.3 1 1
backend/internal/dto/ticket_dto.go:39.2,39.38 1 6
backend/internal/dto/ticket_dto.go:39.38,41.3 1 1
backend/internal/dto/ticket_dto.go:43.2,43.20 1 5
backend/internal/dto/ticket_dto.go:43.20,45.18 2 2
backend/internal/dto/ticket_dto.go:45.18,47.4 1 1
backend/internal/dto/ticket_dto.go:47.9,49.4 1 1
backend/internal/dto/ticket_dto.go:52.2,52.22 1 5
backend/internal/dto/ticket_dto.go:53.59,53.59 0 4
backend/internal/dto/ticket_dto.go:54.10,55.92 1 1
backend/internal/dto/ticket_dto.go:58.2,58.22 1 4
backend/internal/dto/ticket_dto.go:59.60,59.60 0 3
backend/internal/dto/ticket_dto.go:60.10,61.92 1 1
backend/internal/dto/ticket_dto.go:64.2,64.25 1 3
backend/internal/dto/ticket_dto.go:64.25,65.24 1 1
backend/internal/dto/ticket_dto.go:66.60,66.60 0 0
backend/internal/dto/ticket_dto.go:67.11,68.92 1 1
backend/internal/dto/ticket_dto.go:72.2,72.12 1 2
backend/internal/dto/ticket_dto.go:81.50,85.50 3 6
backend/internal/dto/ticket_dto.go:85.50,87.3 1 1
backend/internal/dto/ticket_dto.go:89.2,89.79 1 5
backend/internal/dto/ticket_dto.go:89.79,91.3 1 2
backend/internal/dto/ticket_dto.go:93.2,93.26 1 3
backend/internal/dto/ticket_dto.go:94.65,94.65 0 2
backend/internal/dto/ticket_dto.go:95.10,96.97 1 1
backend/internal/dto/ticket_dto.go:99.2,99.12 1 2
backend/internal/dto/ticket_dto.go:149.53,150.22 1 3
backend/internal/dto/ticket_dto.go:151.59,151.59 0 2
backend/internal/dto/ticket_dto.go:152.10,153.92 1 1
backend/internal/dto/ticket_dto.go:155.2,155.17 1 2
backend/internal/dto/ticket_dto.go:155.17,157.3 1 1
backend/internal/dto/ticket_dto.go:158.2,158.12 1 1
backend/internal/middlewares/auth.go:28.67,31.2 2 5
backend/internal/middlewares/auth.go:34.123,35.46 1 1
backend/internal/middlewares/auth.go:35.46,36.72 1 1
backend/internal/middlewares/auth.go:36.72,38.4 1 5
backend/internal/middlewares/auth.go:42.147,44.20 2 5
backend/internal/middlewares/auth.go:44.20,47.3 2 2
backend/internal/middlewares/auth.go:48.2,48.59 1 3
backend/internal/middlewares/auth.go:51.141,53.14 2 2
backend/internal/middlewares/auth.go:53.14,56.3 2 1
backend/internal/middlewares/auth.go:57.2,57.17 1 1
backend/internal/middlewares/auth.go:57.17,59.3 1 1
backend/internal/middlewares/auth.go:62.165,64.13 2 3
backend/internal/middlewares/auth.go:64.13,65.18 1 3
backend/internal/middlewares/auth.go:65.18,67.4 1 1
backend/internal/middlewares/auth.go:68.3,68.14 1 3
backend/internal/middlewares/auth.go:71.2,72.28 2 0
backend/internal/middlewares/auth.go:72.28,75.3 2 0
backend/internal/middlewares/auth.go:76.2,76.14 1 0
backend/internal/middlewares/auth.go:79.51,80.46 1 5
backend/internal/middlewares/auth.go:80.46,82.3 1 3
backend/internal/middlewares/auth.go:83.2,83.11 1 2
backend/internal/middlewares/auth.go:86.92,87.38 1 4
backend/internal/middlewares/auth.go:87.38,90.3 2 1
backend/internal/middlewares/auth.go:91.2,91.39 1 3
backend/internal/middlewares/auth.go:91.39,94.3 2 1
backend/internal/middlewares/auth.go:95.2,95.13 1 2
backend/internal/middlewares/auth.go:98.95,101.2 2 2
backend/internal/middlewares/auth.go:103.151,105.18 2 2
backend/internal/middlewares/auth.go:105.18,107.3 1 1
backend/internal/middlewares/auth.go:108.2,109.16 2 1
backend/internal/middlewares/auth.go:109.16,111.3 1 0
backend/internal/middlewares/auth.go:112.2,112.38 1 1
backend/internal/middlewares/auth.go:112.38,114.3 1 0
backend/internal/middlewares/auth.go:115.2,115.16 1 1
backend/internal/middlewares/auth.go:118.165,120.33 2 3
backend/internal/middlewares/auth.go:120.33,122.3 1 0
backend/internal/middlewares/auth.go:123.2,124.16 2 3
backend/internal/middlewares/auth.go:124.16,127.3 2 0
backend/internal/middlewares/auth.go:128.2,128.38 1 3
backend/internal/middlewares/auth.go:128.38,130.3 1 2
backend/internal/middlewares/auth.go:131.2,131.16 1 1
backend/internal/middlewares/auth.go:134.166,137.38 3 0
backend/internal/middlewares/auth.go:137.38,140.3 2 0
backend/internal/middlewares/auth.go:142.2,142.55 1 0
backend/internal/middlewares/auth.go:142.55,144.3 1 0
backend/internal/middlewares/auth.go:146.2,149.16 4 0
backend/internal/middlewares/auth.go:149.16,151.3 1 0
backend/internal/middlewares/auth.go:153.2,153.35 1 0
backend/internal/middlewares/auth.go:153.35,156.3 2 0
backend/internal/middlewares/auth.go:158.2,159.16 2 0
backend/internal/middlewares/auth.go:159.16,162.3 2 0
backend/internal/middlewares/auth.go:164.2,164.50 1 0
backend/internal/middlewares/auth.go:164.50,167.3 2 0
backend/internal/middlewares/auth.go:169.2,169.42 1 0
backend/internal/middlewares/auth.go:169.42,172.3 2 0
backend/internal/middlewares/auth.go:174.2,174.19 1 0
backend/internal/middlewares/auth.go:177.110,179.21 2 0
backend/internal/middlewares/auth.go:179.21,181.3 1 0
backend/internal/middlewares/auth.go:183.2,183.21 1 0
backend/internal/middlewares/auth.go:183.21,188.45 4 0
backend/internal/middlewares/auth.go:188.45,191.4 2 0
backend/internal/middlewares/auth.go:193.2,193.13 1 0
backend/internal/middlewares/auth.go:197.98,198.46 1 1
backend/internal/middlewares/auth.go:198.46,199.72 1 1
backend/internal/middlewares/auth.go:199.72,201.23 2 3
backend/internal/middlewares/auth.go:201.23,204.5 2 1
backend/internal/middlewares/auth.go:206.4,206.52 1 2
backend/internal/middlewares/auth.go:206.52,209.5 2 1
backend/internal/middlewares/auth.go:211.4,211.24 1 1
backend/internal/middlewares/security.go:18.54,21.2 2 1
backend/internal/middlewares/security.go:27.52,28.71 1 1
backend/internal/middlewares/security.go:28.71,35.3 5 1
backend/internal/middlewares/security.go:42.54,43.71 1 1
backend/internal/middlewares/security.go:43.71,53.3 8 1
backend/internal/middlewares/security.go:60.88,61.46 1 1
backend/internal/middlewares/security.go:61.46,62.72 1 1
backend/internal/middlewares/security.go:62.72,63.21 1 1
backend/internal/middlewares/security.go:63.21,65.5 1 1
backend/internal/middlewares/security.go:66.4,66.24 1 1
backend/internal/middlewares/security.go:75.69,76.46 1 1
backend/internal/middlewares/security.go:76.46,77.72 1 1
backend/internal/middlewares/security.go:77.72,78.17 1 1
backend/internal/middlewares/security.go:78.17,79.37 1 1
backend/internal/middlewares/security.go:79.37,85.6 2 1
backend/internal/middlewares/security.go:87.4,87.24 1 1
backend/internal/middlewares/security.go:93.67,94.18 1 2
backend/internal/middlewares/security.go:94.18,96.3 1 0
backend/internal/middlewares/security.go:97.2,98.41 2 2
backend/internal/middlewares/security.go:98.41,99.39 1 2
backend/internal/middlewares/security.go:99.39,101.4 1 1
backend/internal/middlewares/security.go:103.2,103.14 1 1
backend/internal/middlewares/security.go:107.51,109.41 2 2
backend/internal/middlewares/security.go:109.41,111.3 1 1
backend/internal/middlewares/security.go:112.2,112.80 1 1
backend/internal/middlewares/security.go:112.80,114.3 1 0
backend/internal/middlewares/security.go:115.2,115.100 1 1
backend/internal/middlewares/security.go:115.100,117.3 1 0
backend/internal/middlewares/security.go:118.2,118.14 1 1
backend/internal/middlewares/security.go:125.68,126.46 1 1
backend/internal/middlewares/security.go:126.46,127.72 1 1
backend/internal/middlewares/security.go:127.72,129.47 2 2
backend/internal/middlewares/security.go:129.47,132.5 2 1
backend/internal/middlewares/security.go:134.4,137.38 3 2
backend/internal/middlewares/security.go:137.38,140.5 2 1
backend/internal/middlewares/security.go:142.4,142.24 1 1
backend/internal/middlewares/security.go:148.48,149.16 1 2
backend/internal/middlewares/security.go:150.76,151.14 1 2
backend/internal/middlewares/security.go:152.10,153.15 1 0
backend/internal/middlewares/security.go:161.77,162.46 1 1
backend/internal/middlewares/security.go:162.46,163.72 1 1
backend/internal/middlewares/security.go:163.72,164.81 1 2
backend/internal/middlewares/security.go:164.81,167.5 2 1
backend/internal/middlewares/security.go:168.4,168.24 1 1
backend/internal/security/jwt.go:24.28,26.18 2 5
backend/internal/security/jwt.go:26.18,27.67 1 0
backend/internal/security/jwt.go:29.2,29.23 1 5
backend/internal/security/jwt.go:32.45,34.69 2 2
backend/internal/security/jwt.go:34.69,36.3 1 1
backend/internal/security/jwt.go:37.2,37.25 1 1
backend/internal/security/jwt.go:41.68,61.16 6 2
backend/internal/security/jwt.go:61.16,63.3 1 0
backend/internal/security/jwt.go:65.2,65.52 1 2
backend/internal/security/jwt.go:69.63,70.104 1 5
backend/internal/security/jwt.go:70.104,71.58 1 3
backend/internal/security/jwt.go:71.58,73.4 1 0
backend/internal/security/jwt.go:74.3,74.29 1 3
backend/internal/security/jwt.go:77.2,77.48 1 5
backend/internal/security/jwt.go:77.48,79.3 1 4
backend/internal/security/jwt.go:81.2,82.9 2 1
backend/internal/security/jwt.go:82.9,84.3 1 0
backend/internal/security/jwt.go:86.2,86.20 1 1
backend/internal/security/jwt.go:90.45,93.16 3 1
backend/internal/security/jwt.go:93.16,95.3 1 0
backend/internal/security/jwt.go:96.2,96.35 1 1
backend/internal/security/jwt.go:100.40,103.2 2 2
backend/internal/controllers/auth_controller.go:23.100,28.2 1 1
backend/internal/controllers/auth_controller.go:30.78,32.61 2 1
backend/internal/controllers/auth_controller.go:32.61,35.3 2 1
backend/internal/controllers/auth_controller.go:37.2,37.39 1 0
backend/internal/controllers/auth_controller.go:37.39,40.3 2 0
backend/internal/controllers/auth_controller.go:42.2,44.32 3 0
backend/internal/controllers/auth_controller.go:44.32,47.3 2 0
backend/internal/controllers/auth_controller.go:49.2,53.16 4 0
backend/internal/controllers/auth_controller.go:53.16,55.3 1 0
backend/internal/controllers/auth_controller.go:57.2,58.16 2 0
backend/internal/controllers/auth_controller.go:58.16,61.3 2 0
backend/internal/controllers/auth_controller.go:63.2,63.46 1 0
backend/internal/controllers/auth_controller.go:63.46,66.22 3 0
backend/internal/controllers/auth_controller.go:66.22,69.4 2 0
backend/internal/controllers/auth_controller.go:70.3,71.9 2 0
backend/internal/controllers/auth_controller.go:74.2,75.69 2 0
backend/internal/controllers/auth_controller.go:78.74,80.38 2 2
backend/internal/controllers/auth_controller.go:80.38,83.3 2 1
backend/internal/controllers/auth_controller.go:85.2,86.16 2 1
backend/internal/controllers/auth_controller.go:86.16,90.3 3 0
backend/internal/controllers/auth_controller.go:92.2,93.81 2 1
backend/internal/controllers/auth_controller.go:96.73,97.80 1 1
backend/internal/controllers/auth_controller.go:97.80,99.3 1 1
backend/internal/controllers/auth_controller.go:101.2,102.70 2 1
backend/internal/controllers/auth_controller.go:105.76,107.16 2 1
backend/internal/controllers/auth_controller.go:107.16,110.3 2 0
backend/internal/controllers/auth_controller.go:111.2,111.77 1 1
backend/internal/controllers/auth_controller.go:114.83,116.18 2 2
backend/internal/controllers/auth_controller.go:116.18,119.3 2 1
backend/internal/controllers/auth_controller.go:121.2,122.61 2 1
backend/internal/controllers/auth_controller.go:122.61,125.3 2 0
backend/internal/controllers/auth_controller.go:127.2,127.39 1 1
backend/internal/controllers/auth_controller.go:127.39,130.3 2 0
backend/internal/controllers/auth_controller.go:132.2,132.88 1 1
backend/internal/controllers/auth_controller.go:132.88,135.3 2 0
backend/internal/controllers/auth_controller.go:137.2,137.79 1 1
backend/internal/controllers/auth_controller.go:140.81,142.18 2 2
backend/internal/controllers/auth_controller.go:142.18,145.3 2 1
backend/internal/controllers/auth_controller.go:147.2,148.61 2 1
backend/internal/controllers/auth_controller.go:148.61,151.3 2 0
backend/internal/controllers/auth_controller.go:153.2,153.39 1 1
backend/internal/controllers/auth_controller.go:153.39,156.3 2 0
backend/internal/controllers/auth_controller.go:158.2,158.84 1 1
backend/internal/controllers/auth_controller.go:158.84,161.3 2 0
backend/internal/controllers/auth_controller.go:163.2,163.77 1 1
backend/internal/controllers/auth_controller.go:166.92,177.2 1 1
backend/internal/controllers/auth_controller.go:179.73,190.2 1 1
backend/internal/controllers/health_controller.go:18.66,23.2 1 1
backend/internal/controllers/health_controller.go:29.75,42.2 3 1
backend/internal/controllers/quota_controller.go:17.104,22.2 1 1
backend/internal/controllers/quota_controller.go:24.82,26.20 2 2
backend/internal/controllers/quota_controller.go:26.20,29.3 2 1
backend/internal/controllers/quota_controller.go:31.2,32.16 2 1
backend/internal/controllers/quota_controller.go:32.16,35.3 2 0
backend/internal/controllers/quota_controller.go:37.2,37.86 1 1
backend/internal/controllers/quota_controller.go:40.86,42.16 2 1
backend/internal/controllers/quota_controller.go:42.16,45.3 2 0
backend/internal/controllers/quota_controller.go:47.2,47.91 1 1
backend/internal/controllers/quota_controller.go:50.79,52.19 2 2
backend/internal/controllers/quota_controller.go:52.19,54.3 1 0
backend/internal/controllers/quota_controller.go:56.2,57.61 2 2
backend/internal/controllers/quota_controller.go:57.61,60.3 2 0
backend/internal/controllers/quota_controller.go:62.2,62.39 1 2
backend/internal/controllers/quota_controller.go:62.39,65.3 2 0
backend/internal/controllers/quota_controller.go:67.2,67.23 1 2
backend/internal/controllers/quota_controller.go:68.18,69.75 1 1
backend/internal/controllers/quota_controller.go:69.75,70.112 1 1
backend/internal/controllers/quota_controller.go:70.112,73.5 2 0
backend/internal/controllers/quota_controller.go:74.9,75.109 1 0
backend/internal/controllers/quota_controller.go:75.109,78.5 2 0
backend/internal/controllers/quota_controller.go:80.14,81.75 1 1
backend/internal/controllers/quota_controller.go:81.75,82.116 1 0
backend/internal/controllers/quota_controller.go:82.116,85.5 2 0
backend/internal/controllers/quota_controller.go:86.9,87.101 1 1
backend/internal/controllers/quota_controller.go:87.101,90.5 2 0
backend/internal/controllers/quota_controller.go:94.2,94.73 1 2
backend/internal/controllers/quota_controller.go:97.89,99.16 2 1
backend/internal/controllers/quota_controller.go:99.16,102.3 2 0
backend/internal/controllers/quota_controller.go:103.2,103.91 1 1
backend/internal/controllers/quota_controller.go:106.92,108.19 2 1
backend/internal/controllers/quota_controller.go:108.19,110.3 1 0
backend/internal/controllers/quota_controller.go:112.2,113.61 2 1
backend/internal/controllers/quota_controller.go:113.61,116.3 2 0
backend/internal/controllers/quota_controller.go:118.2,118.39 1 1
backend/internal/controllers/quota_controller.go:118.39,121.3 2 0
backend/internal/controllers/quota_controller.go:123.2,123.92 1 1
backend/internal/controllers/quota_controller.go:123.92,126.3 2 0
backend/internal/controllers/quota_controller.go:128.2,128.90 1 1
backend/internal/controllers/quota_controller.go:131.89,133.16 2 1
backend/internal/controllers/quota_controller.go:133.16,136.3 2 0
backend/internal/controllers/quota_controller.go:137.2,137.95 1 1
backend/internal/controllers/quota_controller.go:140.87,142.16 2 1
backend/internal/controllers/quota_controller.go:142.16,145.3 2 0
backend/internal/controllers/quota_controller.go:146.2,146.93 1 1
backend/internal/controllers/ticket_controller.go:24.108,29.2 1 1
backend/internal/controllers/ticket_controller.go:31.81,33.80 2 2
backend/internal/controllers/ticket_controller.go:33.80,35.3 1 0
backend/internal/controllers/ticket_controller.go:35.8,37.3 1 2
backend/internal/controllers/ticket_controller.go:39.2,39.20 1 2
backend/internal/controllers/ticket_controller.go:39.20,42.3 2 1
backend/internal/controllers/ticket_controller.go:44.2,45.61 2 1
backend/internal/controllers/ticket_controller.go:45.61,48.3 2 1
backend/internal/controllers/ticket_controller.go:50.2,50.39 1 0
backend/internal/controllers/ticket_controller.go:50.39,53.3 2 0
backend/internal/controllers/ticket_controller.go:55.2,56.16 2 0
backend/internal/controllers/ticket_controller.go:56.16,59.3 2 0
backend/internal/controllers/ticket_controller.go:61.2,61.77 1 0
backend/internal/controllers/ticket_controller.go:64.80,70.80 4 2
backend/internal/controllers/ticket_controller.go:70.80,73.3 2 1
backend/internal/controllers/ticket_controller.go:73.8,75.3 1 1
backend/internal/controllers/ticket_controller.go:77.2,77.20 1 2
backend/internal/controllers/ticket_controller.go:77.20,80.3 2 1
backend/internal/controllers/ticket_controller.go:83.2,83.14 1 1
backend/internal/controllers/ticket_controller.go:83.14,85.3 1 1
backend/internal/controllers/ticket_controller.go:87.2,88.16 2 1
backend/internal/controllers/ticket_controller.go:88.16,91.3 2 0
backend/internal/controllers/ticket_controller.go:93.2,93.81 1 1
backend/internal/controllers/ticket_controller.go:96.84,98.17 2 2
backend/internal/controllers/ticket_controller.go:98.17,101.3 2 1
backend/internal/controllers/ticket_controller.go:103.2,104.16 2 1
backend/internal/controllers/ticket_controller.go:104.16,107.3 2 0
backend/internal/controllers/ticket_controller.go:109.2,109.92 1 1
backend/internal/controllers/ticket_controller.go:112.83,114.80 2 2
backend/internal/controllers/ticket_controller.go:114.80,116.3 1 1
backend/internal/controllers/ticket_controller.go:116.8,118.3 1 1
backend/internal/controllers/ticket_controller.go:120.2,120.22 1 2
backend/internal/controllers/ticket_controller.go:120.22,123.3 2 1
backend/internal/controllers/ticket_controller.go:125.2,126.61 2 1
backend/internal/controllers/ticket_controller.go:126.61,129.3 2 0
backend/internal/controllers/ticket_controller.go:131.2,131.39 1 1
backend/internal/controllers/ticket_controller.go:131.39,134.3 2 0
backend/internal/controllers/ticket_controller.go:136.2,137.16 2 1
backend/internal/controllers/ticket_controller.go:137.16,140.3 2 0
backend/internal/controllers/ticket_controller.go:142.2,142.79 1 1
backend/internal/controllers/ticket_controller.go:145.80,147.80 2 1
backend/internal/controllers/ticket_controller.go:147.80,149.3 1 1
backend/internal/controllers/ticket_controller.go:149.8,151.3 1 0
backend/internal/controllers/ticket_controller.go:153.2,153.22 1 1
backend/internal/controllers/ticket_controller.go:153.22,156.3 2 0
backend/internal/controllers/ticket_controller.go:158.2,159.20 2 1
backend/internal/controllers/ticket_controller.go:159.20,162.3 2 0
backend/internal/controllers/ticket_controller.go:164.2,169.99 3 1
backend/internal/controllers/ticket_controller.go:169.99,172.3 2 0
backend/internal/controllers/ticket_controller.go:174.2,174.75 1 1
backend/internal/controllers/ticket_controller.go:177.78,179.16 2 1
backend/internal/controllers/ticket_controller.go:179.16,182.3 2 0
backend/internal/controllers/ticket_controller.go:183.2,183.93 1 1
backend/internal/controllers/ticket_controller.go:186.80,188.80 2 1
backend/internal/controllers/ticket_controller.go:188.80,190.3 1 1
backend/internal/controllers/ticket_controller.go:190.8,192.3 1 0
backend/internal/controllers/ticket_controller.go:194.2,194.19 1 1
backend/internal/controllers/ticket_controller.go:194.19,197.3 2 0
backend/internal/controllers/ticket_controller.go:199.2,200.61 2 1
backend/internal/controllers/ticket_controller.go:200.61,203.3 2 0
backend/internal/controllers/ticket_controller.go:205.2,206.16 2 1
backend/internal/controllers/ticket_controller.go:206.16,209.3 2 0
backend/internal/controllers/ticket_controller.go:211.2,211.89 1 1
backend/internal/views/json_view.go:16.30,18.2 1 4
backend/internal/views/json_view.go:21.95,25.2 3 4
backend/internal/views/json_view.go:28.101,34.2 1 1
backend/internal/views/json_view.go:37.92,39.29 2 2
backend/internal/views/json_view.go:39.29,41.20 2 1
backend/internal/views/json_view.go:41.20,43.4 1 1
backend/internal/views/json_view.go:46.2,47.16 2 2
backend/internal/views/json_view.go:47.16,50.3 2 2
backend/internal/views/json_view.go:52.2,56.4 1 2
backend/internal/views/json_view.go:60.83,66.2 1 1
backend/internal/services/auth_service.go:34.107,39.2 1 4
backend/internal/services/auth_service.go:41.94,42.14 1 3
backend/internal/services/auth_service.go:42.14,44.3 1 1
backend/internal/services/auth_service.go:46.2,47.16 2 2
backend/internal/services/auth_service.go:47.16,49.3 1 1
backend/internal/services/auth_service.go:50.2,50.33 1 1
backend/internal/services/auth_service.go:53.125,54.35 1 4
backend/internal/services/auth_service.go:54.35,56.3 1 1
backend/internal/services/auth_service.go:58.2,59.16 2 3
backend/internal/services/auth_service.go:59.16,61.3 1 0
backend/internal/services/auth_service.go:63.2,63.50 1 3
backend/internal/services/auth_service.go:63.50,69.3 1 1
backend/internal/services/auth_service.go:71.2,71.42 1 2
backend/internal/services/auth_service.go:71.42,73.3 1 1
backend/internal/services/auth_service.go:75.2,76.16 2 1
backend/internal/services/auth_service.go:76.16,78.3 1 0
backend/internal/services/auth_service.go:79.2,81.23 3 1
backend/internal/services/auth_service.go:84.115,85.27 1 4
backend/internal/services/auth_service.go:85.27,87.3 1 1
backend/internal/services/auth_service.go:89.2,91.38 3 3
backend/internal/services/auth_service.go:91.38,93.3 1 1
backend/internal/services/auth_service.go:95.2,95.29 1 2
backend/internal/services/auth_service.go:95.29,99.3 2 1
backend/internal/services/auth_service.go:102.2,102.64 1 1
backend/internal/services/auth_service.go:102.64,104.3 1 0
backend/internal/services/auth_service.go:106.2,107.16 2 1
backend/internal/services/auth_service.go:107.16,109.3 1 0
backend/internal/services/auth_service.go:111.2,111.40 1 1
backend/internal/services/auth_service.go:111.40,113.3 1 0
backend/internal/services/auth_service.go:115.2,115.33 1 1
backend/internal/services/auth_service.go:118.81,119.27 1 1
backend/internal/services/auth_service.go:119.27,121.3 1 0
backend/internal/services/auth_service.go:122.2,123.48 2 1
backend/internal/services/auth_service.go:126.83,128.16 2 1
backend/internal/services/auth_service.go:128.16,130.3 1 0
backend/internal/services/auth_service.go:131.2,132.26 2 1
backend/internal/services/auth_service.go:132.26,134.3 1 1
backend/internal/services/auth_service.go:135.2,135.17 1 1
backend/internal/services/auth_service.go:138.104,139.14 1 1
backend/internal/services/auth_service.go:139.14,141.3 1 0
backend/internal/services/auth_service.go:143.2,143.110 1 1
backend/internal/services/auth_service.go:143.110,145.3 1 0
backend/internal/services/auth_service.go:147.2,148.16 2 1
backend/internal/services/auth_service.go:148.16,150.3 1 0
backend/internal/services/auth_service.go:152.2,153.50 2 1
backend/internal/services/auth_service.go:153.50,155.3 1 0
backend/internal/services/auth_service.go:156.2,156.12 1 1
backend/internal/services/auth_service.go:159.98,160.14 1 1
backend/internal/services/auth_service.go:160.14,162.3 1 0
backend/internal/services/auth_service.go:164.2,164.110 1 1
backend/internal/services/auth_service.go:164.110,166.3 1 0
backend/internal/services/auth_service.go:168.2,169.16 2 1
backend/internal/services/auth_service.go:169.16,171.3 1 0
backend/internal/services/auth_service.go:173.2,174.50 2 1
backend/internal/services/auth_service.go:174.50,176.3 1 0
backend/internal/services/auth_service.go:177.2,177.12 1 1
backend/internal/services/auth_service.go:180.103,182.16 2 2
backend/internal/services/auth_service.go:182.16,184.3 1 0
backend/internal/services/auth_service.go:186.2,187.16 2 2
backend/internal/services/auth_service.go:187.16,189.3 1 0
backend/internal/services/auth_service.go:191.2,198.75 3 2
backend/internal/services/auth_service.go:198.75,200.3 1 0
backend/internal/services/auth_service.go:202.2,208.8 1 2
backend/internal/services/auth_service.go:211.72,219.2 1 5
backend/internal/services/quota_service.go:29.109,34.2 1 5
backend/internal/services/quota_service.go:40.125,41.20 1 3
backend/internal/services/quota_service.go:41.20,43.3 1 1
backend/internal/services/quota_service.go:45.2,46.16 2 2
backend/internal/services/quota_service.go:46.16,48.3 1 1
backend/internal/services/quota_service.go:50.2,51.16 2 1
backend/internal/services/quota_service.go:51.16,53.3 1 0
backend/internal/services/quota_service.go:55.2,56.19 2 1
backend/internal/services/quota_service.go:56.19,58.3 1 0
backend/internal/services/quota_service.go:60.2,61.23 2 1
backend/internal/services/quota_service.go:61.23,63.3 1 1
backend/internal/services/quota_service.go:65.2,74.8 1 1
backend/internal/services/quota_service.go:77.109,79.16 2 2
backend/internal/services/quota_service.go:79.16,81.3 1 0
backend/internal/services/quota_service.go:83.2,84.19 2 2
backend/internal/services/quota_service.go:84.19,86.3 1 0
backend/internal/services/quota_service.go:88.2,92.8 1 2
backend/internal/services/quota_service.go:95.113,96.20 1 3
backend/internal/services/quota_service.go:96.20,98.3 1 1
backend/internal/services/quota_service.go:99.2,99.18 1 2
backend/internal/services/quota_service.go:99.18,101.3 1 1
backend/internal/services/quota_service.go:102.2,102.69 1 1
backend/internal/services/quota_service.go:105.117,106.20 1 0
backend/internal/services/quota_service.go:106.20,108.3 1 0
backend/internal/services/quota_service.go:109.2,109.18 1 0
backend/internal/services/quota_service.go:109.18,111.3 1 0
backend/internal/services/quota_service.go:112.2,112.73 1 0
backend/internal/services/quota_service.go:115.108,116.18 1 2
backend/internal/services/quota_service.go:116.18,118.3 1 1
backend/internal/services/quota_service.go:119.2,119.71 1 1
backend/internal/services/quota_service.go:122.101,123.19 1 2
backend/internal/services/quota_service.go:123.19,125.3 1 1
backend/internal/services/quota_service.go:126.2,126.68 1 1
backend/internal/services/quota_service.go:129.108,131.16 2 1
backend/internal/services/quota_service.go:131.16,133.3 1 0
backend/internal/services/quota_service.go:134.2,137.8 1 1
backend/internal/services/quota_service.go:140.128,141.16 1 2
backend/internal/services/quota_service.go:141.16,143.3 1 0
backend/internal/services/quota_service.go:144.2,144.39 1 2
backend/internal/services/quota_service.go:144.39,146.3 1 1
backend/internal/services/quota_service.go:147.2,147.37 1 1
backend/internal/services/quota_service.go:147.37,148.105 1 1
backend/internal/services/quota_service.go:148.105,150.4 1 0
backend/internal/services/quota_service.go:152.2,152.33 1 1
backend/internal/services/quota_service.go:152.33,153.97 1 0
backend/internal/services/quota_service.go:153.97,155.4 1 0
backend/internal/services/quota_service.go:157.2,157.12 1 1
backend/internal/services/quota_service.go:160.108,162.16 2 1
backend/internal/services/quota_service.go:162.16,164.3 1 0
backend/internal/services/quota_service.go:166.2,167.16 2 1
backend/internal/services/quota_service.go:167.16,169.3 1 0
backend/internal/services/quota_service.go:171.2,172.16 2 1
backend/internal/services/quota_service.go:172.16,174.3 1 0
backend/internal/services/quota_service.go:176.2,177.16 2 1
backend/internal/services/quota_service.go:177.16,179.3 1 0
backend/internal/services/quota_service.go:181.2,182.35 2 1
backend/internal/services/quota_service.go:182.35,183.29 1 0
backend/internal/services/quota_service.go:183.29,185.4 1 0
backend/internal/services/quota_service.go:188.2,195.8 1 1
backend/internal/services/quota_service.go:198.102,200.16 2 1
backend/internal/services/quota_service.go:200.16,202.3 1 0
backend/internal/services/quota_service.go:204.2,205.35 2 1
backend/internal/services/quota_service.go:205.35,206.29 1 0
backend/internal/services/quota_service.go:206.29,208.4 1 0
backend/internal/services/quota_service.go:210.2,210.23 1 1
backend/internal/services/ticket_service.go:44.17,51.2 1 6
backend/internal/services/ticket_service.go:53.135,55.39 1 9
backend/internal/services/ticket_service.go:55.39,57.3 1 1
backend/internal/services/ticket_service.go:59.2,60.16 2 8
backend/internal/services/ticket_service.go:60.16,62.3 1 1
backend/internal/services/ticket_service.go:64.2,65.16 2 7
backend/internal/services/ticket_service.go:65.16,67.3 1 0
backend/internal/services/ticket_service.go:69.2,70.16 2 7
backend/internal/services/ticket_service.go:70.16,72.3 1 0
backend/internal/services/ticket_service.go:74.2,75.16 2 7
backend/internal/services/ticket_service.go:75.16,77.3 1 0
backend/internal/services/ticket_service.go:79.2,80.16 2 7
backend/internal/services/ticket_service.go:80.16,82.3 1 1
backend/internal/services/ticket_service.go:83.2,83.15 1 6
backend/internal/services/ticket_service.go:83.15,85.3 1 0
backend/internal/services/ticket_service.go:87.2,93.67 2 6
backend/internal/services/ticket_service.go:93.67,95.3 1 0
backend/internal/services/ticket_service.go:97.2,98.16 2 6
backend/internal/services/ticket_service.go:98.16,100.3 1 1
backend/internal/services/ticket_service.go:102.2,103.44 2 5
backend/internal/services/ticket_service.go:103.44,105.3 1 2
backend/internal/services/ticket_service.go:107.2,119.69 2 5
backend/internal/services/ticket_service.go:119.69,121.3 1 0
backend/internal/services/ticket_service.go:123.2,123.15 1 5
backend/internal/services/ticket_service.go:123.15,124.37 1 0
backend/internal/services/ticket_service.go:124.37,126.4 1 0
backend/internal/services/ticket_service.go:129.2,131.40 3 5
backend/internal/services/ticket_service.go:134.111,135.17 1 2
backend/internal/services/ticket_service.go:135.17,137.3 1 0
backend/internal/services/ticket_service.go:139.2,140.16 2 2
backend/internal/services/ticket_service.go:140.16,142.3 1 1
backend/internal/services/ticket_service.go:144.2,161.8 3 1
backend/internal/services/ticket_service.go:164.141,165.39 1 6
backend/internal/services/ticket_service.go:165.39,167.3 1 0
backend/internal/services/ticket_service.go:169.2,170.16 2 6
backend/internal/services/ticket_service.go:170.16,172.3 1 0
backend/internal/services/ticket_service.go:173.2,173.15 1 6
backend/internal/services/ticket_service.go:173.15,175.3 1 0
backend/internal/services/ticket_service.go:177.2,178.16 2 6
backend/internal/services/ticket_service.go:178.16,180.3 1 0
backend/internal/services/ticket_service.go:182.2,184.16 3 6
backend/internal/services/ticket_service.go:184.16,186.3 1 3
backend/internal/services/ticket_service.go:188.2,188.84 1 3
backend/internal/services/ticket_service.go:188.84,190.3 1 0
backend/internal/services/ticket_service.go:192.2,199.77 2 3
backend/internal/services/ticket_service.go:199.77,201.3 1 0
backend/internal/services/ticket_service.go:203.2,203.15 1 3
backend/internal/services/ticket_service.go:203.15,204.37 1 0
backend/internal/services/ticket_service.go:204.37,206.4 1 0
backend/internal/services/ticket_service.go:209.2,211.40 3 3
backend/internal/services/ticket_service.go:214.166,217.15 2 3
backend/internal/services/ticket_service.go:218.36,220.19 2 2
backend/internal/services/ticket_service.go:220.19,222.4 1 2
backend/internal/services/ticket_service.go:223.35,225.19 2 1
backend/internal/services/ticket_service.go:225.19,227.4 1 1
backend/internal/services/ticket_service.go:231.88,233.29 2 3
backend/internal/services/ticket_service.go:233.29,235.3 1 3
backend/internal/services/ticket_service.go:236.2,236.11 1 0
backend/internal/services/ticket_service.go:239.139,240.27 1 6
backend/internal/services/ticket_service.go:240.27,242.3 1 5
backend/internal/services/ticket_service.go:242.8,242.36 1 1
backend/internal/services/ticket_service.go:242.36,244.3 1 1
backend/internal/services/ticket_service.go:245.2,245.61 1 0
backend/internal/services/ticket_service.go:248.107,249.49 1 6
backend/internal/services/ticket_service.go:249.49,251.3 1 1
backend/internal/services/ticket_service.go:253.2,253.15 1 5
backend/internal/services/ticket_service.go:254.36,255.50 1 3
backend/internal/services/ticket_service.go:255.50,257.4 1 1
backend/internal/services/ticket_service.go:258.3,258.46 1 2
backend/internal/services/ticket_service.go:260.35,261.54 1 2
backend/internal/services/ticket_service.go:261.54,263.4 1 0
backend/internal/services/ticket_service.go:264.3,264.55 1 2
backend/internal/services/ticket_service.go:264.55,266.4 1 1
backend/internal/services/ticket_service.go:267.3,267.45 1 1
backend/internal/services/ticket_service.go:270.2,270.70 1 0
backend/internal/services/ticket_service.go:273.115,274.20 1 1
backend/internal/services/ticket_service.go:274.20,276.3 1 0
backend/internal/services/ticket_service.go:278.2,279.16 2 1
backend/internal/services/ticket_service.go:279.16,281.3 1 0
backend/internal/services/ticket_service.go:282.2,282.15 1 1
backend/internal/services/ticket_service.go:282.15,284.3 1 0
backend/internal/services/ticket_service.go:286.2,287.16 2 1
backend/internal/services/ticket_service.go:287.16,289.3 1 0
backend/internal/services/ticket_service.go:291.2,291.49 1 1
backend/internal/services/ticket_service.go:291.49,293.3 1 0
backend/internal/services/ticket_service.go:295.2,298.84 3 1
backend/internal/services/ticket_service.go:298.84,300.3 1 0
backend/internal/services/ticket_service.go:302.2,302.98 1 1
backend/internal/services/ticket_service.go:302.98,303.98 1 0
backend/internal/services/ticket_service.go:303.98,305.4 1 0
backend/internal/services/ticket_service.go:308.2,316.77 2 1
backend/internal/services/ticket_service.go:316.77,318.3 1 0
backend/internal/services/ticket_service.go:320.2,320.15 1 1
backend/internal/services/ticket_service.go:320.15,322.3 1 0
backend/internal/services/ticket_service.go:323.2,323.12 1 1
backend/internal/services/ticket_service.go:326.80,346.21 2 8
backend/internal/services/ticket_service.go:346.21,354.3 1 8
backend/internal/services/ticket_service.go:355.2,355.12 1 8
backend/internal/services/ticket_service.go:358.54,361.16 3 7
backend/internal/services/ticket_service.go:361.16,363.3 1 0
backend/internal/services/ticket_service.go:364.2,364.35 1 7
backend/internal/services/ticket_service.go:367.43,369.16 2 7
backend/internal/services/ticket_service.go:369.16,371.3 1 0
backend/internal/services/ticket_service.go:372.2,372.44 1 7
backend/internal/services/ticket_service.go:375.87,376.27 1 7
backend/internal/services/ticket_service.go:376.27,378.17 2 7
backend/internal/services/ticket_service.go:378.17,380.4 1 0
backend/internal/services/ticket_service.go:381.3,382.17 2 7
backend/internal/services/ticket_service.go:382.17,384.4 1 0
backend/internal/services/ticket_service.go:385.3,385.14 1 7
backend/internal/services/ticket_service.go:385.14,387.4 1 7
backend/internal/services/ticket_service.go:389.2,389.84 1 0
backend/internal/services/ticket_service.go:392.98,394.16 2 1
backend/internal/services/ticket_service.go:394.16,396.3 1 0
backend/internal/services/ticket_service.go:398.2,402.20 2 1
backend/internal/services/ticket_service.go:405.143,406.39 1 2
backend/internal/services/ticket_service.go:406.39,408.3 1 0
backend/internal/services/ticket_service.go:410.2,411.16 2 2
backend/internal/services/ticket_service.go:411.16,413.3 1 0
backend/internal/services/ticket_service.go:415.2,415.36 1 2
backend/internal/services/ticket_service.go:415.36,417.3 1 1
backend/internal/services/ticket_service.go:419.2,419.83 1 1
backend/internal/services/ticket_service.go:419.83,421.3 1 0
backend/internal/services/ticket_service.go:423.2,426.8 1 1
backend/internal/services/ticket_service.go:429.106,431.16 2 1
backend/internal/services/ticket_service.go:431.16,433.3 1 0
backend/internal/services/ticket_service.go:435.2,436.28 2 1
backend/internal/services/ticket_service.go:436.28,438.3 1 0
backend/internal/services/ticket_service.go:439.2,439.22 1 1
backend/internal/services/ticket_service.go:442.195,443.47 1 6
backend/internal/services/ticket_service.go:443.47,445.17 2 4
backend/internal/services/ticket_service.go:445.17,447.4 1 1
backend/internal/services/ticket_service.go:448.3,448.17 1 3
backend/internal/services/ticket_service.go:450.2,450.37 1 2
